#
# There is insufficient memory for the Java Runtime Environment to continue.
# Native memory allocation (mmap) failed to map 65536 bytes. Error detail: Failed to commit metaspace.
# Possible reasons:
#   The system is out of physical RAM or swap space
#   This process is running with CompressedOops enabled, and the Java Heap may be blocking the growth of the native heap
# Possible solutions:
#   Reduce memory load on the system
#   Increase physical memory or swap space
#   Check if swap backing store is full
#   Decrease Java heap size (-Xmx/-Xms)
#   Decrease number of Java threads
#   Decrease Java thread stack sizes (-Xss)
#   Set larger code cache with -XX:ReservedCodeCacheSize=
#   JVM is running with Zero Based Compressed Oops mode in which the Java heap is
#     placed in the first 32GB address space. The Java Heap base address is the
#     maximum limit for the native heap growth. Please use -XX:HeapBaseMinAddress
#     to set the Java Heap base and to place the Java Heap above 32GB virtual address.
# This output file may be truncated or incomplete.
#
#  Out of Memory Error (virtualSpaceNode.cpp:113), pid=7552, tid=11460
#
# JRE version: OpenJDK Runtime Environment Zulu24.30+11-CA (24.0.1+9) (build 24.0.1+9)
# Java VM: OpenJDK 64-Bit Server VM Zulu24.30+11-CA (24.0.1+9, mixed mode, tiered, compressed oops, compressed class ptrs, g1 gc, windows-amd64)
# No core dump will be written. Minidumps are not enabled by default on client versions of Windows
#

---------------  S U M M A R Y ------------

Command Line: -Dfile.encoding=UTF-8 --module-path=C:\Users\Sanaya Bhardwaj\Documents\NetBeansProjects\Employee Management System\build\classes employee.management.system.Splash

Host: 11th Gen Intel(R) Core(TM) i5-1135G7 @ 2.40GHz, 8 cores, 15G,  Windows 11 , 64 bit Build 26100 (10.0.26100.3912)
Time: Fri Jun  6 15:30:46 2025 India Standard Time elapsed time: 5.092163 seconds (0d 0h 0m 5s)

---------------  T H R E A D  ---------------

Current thread (0x0000019c432ead00):  JavaThread "main"             [_thread_in_vm, id=11460, stack(0x0000002fa0000000,0x0000002fa0100000) (1024K)]

Stack: [0x0000002fa0000000,0x0000002fa0100000]
Native frames: (J=compiled Java code, j=interpreted, Vv=VM code, C=native code)
V  [jvm.dll+0x7410c9]  (no source info available)
V  [jvm.dll+0x97def3]  (no source info available)
V  [jvm.dll+0x98021d]  (no source info available)
V  [jvm.dll+0x980893]  (no source info available)
V  [jvm.dll+0x2b5b16]  (no source info available)
V  [jvm.dll+0x979b6e]  (no source info available)
V  [jvm.dll+0x6db675]  (no source info available)
V  [jvm.dll+0x6db6da]  (no source info available)
V  [jvm.dll+0x6de0d2]  (no source info available)
V  [jvm.dll+0x6dde37]  (no source info available)
V  [jvm.dll+0x25686c]  (no source info available)
V  [jvm.dll+0x6dc098]  (no source info available)
V  [jvm.dll+0x29a4ff]  (no source info available)
V  [jvm.dll+0x6e7234]  (no source info available)
V  [jvm.dll+0x244cae]  (no source info available)
V  [jvm.dll+0x245175]  (no source info available)
V  [jvm.dll+0x245b54]  (no source info available)
V  [jvm.dll+0x23b5a4]  (no source info available)
V  [jvm.dll+0x60e0f3]  (no source info available)
V  [jvm.dll+0x24d94d]  (no source info available)
V  [jvm.dll+0x8ed88e]  (no source info available)
V  [jvm.dll+0x8ee9a8]  (no source info available)
V  [jvm.dll+0x8eeee2]  (no source info available)
V  [jvm.dll+0x8eec36]  (no source info available)
V  [jvm.dll+0x29e758]  (no source info available)
V  [jvm.dll+0x29e986]  (no source info available)
V  [jvm.dll+0x6361e7]  (no source info available)
V  [jvm.dll+0x6394ef]  (no source info available)
V  [jvm.dll+0x424e6d]  (no source info available)
V  [jvm.dll+0x424536]  (no source info available)
C  0x0000019c55709971  (no source info available)

The last pc belongs to invokestatic (printed below).
Java frames: (J=compiled Java code, j=interpreted, Vv=VM code)
j  jdk.internal.classfile.impl.DirectCodeBuilder$4.generateStackMaps(Ljdk/internal/classfile/impl/BufWriterImpl;)V+7 java.base@24.0.1
j  jdk.internal.classfile.impl.DirectCodeBuilder$4.tryGenerateStackMaps(ZLjdk/internal/classfile/impl/BufWriterImpl;)V+11 java.base@24.0.1
j  jdk.internal.classfile.impl.DirectCodeBuilder$4.writeBody(Ljdk/internal/classfile/impl/BufWriterImpl;)V+171 java.base@24.0.1
j  jdk.internal.classfile.impl.UnboundAttribute$AdHocAttribute.writeTo(Ljdk/internal/classfile/impl/BufWriterImpl;)V+30 java.base@24.0.1
j  jdk.internal.classfile.impl.Util.writeAttribute(Ljdk/internal/classfile/impl/BufWriterImpl;Ljava/lang/classfile/Attribute;)V+61 java.base@24.0.1
j  jdk.internal.classfile.impl.AttributeHolder.writeTo(Ljdk/internal/classfile/impl/BufWriterImpl;)V+24 java.base@24.0.1
j  jdk.internal.classfile.impl.DirectMethodBuilder.writeTo(Ljdk/internal/classfile/impl/BufWriterImpl;)V+29 java.base@24.0.1
j  jdk.internal.classfile.impl.Util.writeList(Ljdk/internal/classfile/impl/BufWriterImpl;[Ljdk/internal/classfile/impl/Util$Writable;I)V+16 java.base@24.0.1
j  jdk.internal.classfile.impl.DirectClassBuilder.build()[B+170 java.base@24.0.1
j  jdk.internal.classfile.impl.ClassFileImpl.build(Ljava/lang/classfile/constantpool/ClassEntry;Ljava/lang/classfile/constantpool/ConstantPoolBuilder;Ljava/util/function/Consumer;)[B+34 java.base@24.0.1
j  java.lang.invoke.InvokerBytecodeGenerator.classFileSetup(Ljava/util/function/Consumer;)[B+20 java.base@24.0.1
j  java.lang.invoke.InvokerBytecodeGenerator.generateCustomizedCodeBytes()[B+9 java.base@24.0.1
j  java.lang.invoke.InvokerBytecodeGenerator.generateCustomizedCode(Ljava/lang/invoke/LambdaForm;Ljava/lang/invoke/MethodType;)Ljava/lang/invoke/MemberName;+27 java.base@24.0.1
j  java.lang.invoke.LambdaForm.compileToBytecode()V+69 java.base@24.0.1
j  java.lang.invoke.LambdaForm.prepare()V+21 java.base@24.0.1
j  java.lang.invoke.MethodHandle.<init>(Ljava/lang/invoke/MethodType;Ljava/lang/invoke/LambdaForm;)V+33 java.base@24.0.1
j  java.lang.invoke.BoundMethodHandle.<init>(Ljava/lang/invoke/MethodType;Ljava/lang/invoke/LambdaForm;)V+3 java.base@24.0.1
j  java.lang.invoke.BoundMethodHandle$Species_L.<init>(Ljava/lang/invoke/MethodType;Ljava/lang/invoke/LambdaForm;Ljava/lang/Object;)V+3 java.base@24.0.1
j  java.lang.invoke.BoundMethodHandle$Species_L.copyWith(Ljava/lang/invoke/MethodType;Ljava/lang/invoke/LambdaForm;)Ljava/lang/invoke/BoundMethodHandle;+10 java.base@24.0.1
j  java.lang.invoke.MethodHandles.dropArgumentsTrusted(Ljava/lang/invoke/MethodHandle;I[Ljava/lang/Class;)Ljava/lang/invoke/MethodHandle;+103 java.base@24.0.1
j  java.lang.invoke.MethodHandles.dropArguments(Ljava/lang/invoke/MethodHandle;I[Ljava/lang/Class;)Ljava/lang/invoke/MethodHandle;+9 java.base@24.0.1
j  jdk.internal.reflect.MethodHandleAccessorFactory.makeSpecializedTarget(Ljava/lang/invoke/MethodHandle;ZZ)Ljava/lang/invoke/MethodHandle;+86 java.base@24.0.1
j  jdk.internal.reflect.MethodHandleAccessorFactory.getDirectMethod(Ljava/lang/reflect/Method;Z)Ljava/lang/invoke/MethodHandle;+82 java.base@24.0.1
j  jdk.internal.reflect.MethodHandleAccessorFactory.newMethodAccessor(Ljava/lang/reflect/Method;Z)Ljdk/internal/reflect/MethodAccessorImpl;+41 java.base@24.0.1
j  jdk.internal.reflect.ReflectionFactory.newMethodAccessor(Ljava/lang/reflect/Method;Z)Ljdk/internal/reflect/MethodAccessor;+22 java.base@24.0.1
j  java.lang.reflect.Method.acquireMethodAccessor()Ljdk/internal/reflect/MethodAccessor;+38 java.base@24.0.1
j  java.lang.reflect.Method.invoke(Ljava/lang/Object;[Ljava/lang/Object;)Ljava/lang/Object;+75 java.base@24.0.1
j  java.lang.Class.getEnumConstantsShared()[Ljava/lang/Object;+41 java.base@24.0.1
j  java.lang.System$1.getEnumConstantsShared(Ljava/lang/Class;)[Ljava/lang/Enum;+1 java.base@24.0.1
j  java.util.EnumMap.getKeyUniverse(Ljava/lang/Class;)[Ljava/lang/Enum;+4 java.base@24.0.1
j  java.util.EnumMap.<init>(Ljava/lang/Class;)V+16 java.base@24.0.1
j  java.util.stream.StreamOpFlag.set(Ljava/util/stream/StreamOpFlag$Type;)Ljava/util/stream/StreamOpFlag$MaskBuilder;+10 java.base@24.0.1
j  java.util.stream.StreamOpFlag.<clinit>()V+11 java.base@24.0.1
v  ~StubRoutines::call_stub 0x0000019c556f0fcd
j  java.util.stream.StreamSupport.stream(Ljava/util/Spliterator;Z)Ljava/util/stream/Stream;+11 java.base@24.0.1
j  java.util.Collection.stream()Ljava/util/stream/Stream;+7 java.base@24.0.1
j  jdk.internal.module.DefaultRoots.compute(Ljava/lang/module/ModuleFinder;Ljava/lang/module/ModuleFinder;)Ljava/util/Set;+6 java.base@24.0.1
j  jdk.internal.module.ModuleBootstrap.boot2()Ljava/lang/ModuleLayer;+723 java.base@24.0.1
j  jdk.internal.module.ModuleBootstrap.boot()Ljava/lang/ModuleLayer;+64 java.base@24.0.1
j  java.lang.System.initPhase2(ZZ)I+0 java.base@24.0.1
v  ~StubRoutines::call_stub 0x0000019c556f0fcd
Lock stack of current Java thread (top to bottom):

invokestatic  184 invokestatic  [0x0000019c557098c0, 0x0000019c55709b88]  712 bytes
[MachCode]
  0x0000019c557098c0: 4883 ec08 | c5fa 1104 | 24eb 1f48 | 83ec 10c5 | fb11 0424 | eb14 4883 | ec10 4889 | 0424 48c7 
  0x0000019c557098e0: 4424 0800 | 0000 00eb | 0150 488b | 4dd0 410f | b755 0148 | 8b49 386b | d218 488d | 4c11 080f 
  0x0000019c55709900: b659 1681 | fbb8 0000 | 000f 84bd | 0000 00bb | b800 0000 | e805 0000 | 00e9 9900 | 0000 488b 
  0x0000019c55709920: d348 8d44 | 2408 4c89 | 6dc0 498b | cfc5 f877 | 4989 afb8 | 0300 0049 | 8987 a803 | 0000 4883 
  0x0000019c55709940: ec20 40f6 | c40f 0f84 | 1900 0000 | 4883 ec08 | 48b8 b043 | 8a39 f87f | 0000 ffd0 | 4883 c408 
  0x0000019c55709960: e90c 0000 | 0048 b8b0 | 438a 39f8 | 7f00 00ff | d048 83c4 | 2049 c787 | a803 0000 | 0000 0000 
  0x0000019c55709980: 49c7 87b8 | 0300 0000 | 0000 0049 | c787 b003 | 0000 0000 | 0000 c5f8 | 7749 837f | 0800 0f84 
  0x0000019c557099a0: 0500 0000 | e917 75fe | ff4c 8b6d | c04c 8b75 | c84e 8d74 | f500 c348 | 8b4d d041 | 0fb7 5501 
  0x0000019c557099c0: 488b 4938 | 6bd2 1848 | 8d4c 1108 | 488b 1948 | 8b5b 0848 | 8b5b 0848 | 8b5b 1880 | bb40 0100 
  0x0000019c557099e0: 0004 0f84 | 0d00 0000 | 4c3b bb48 | 0100 000f | 851a ffff | ff0f b651 | 1548 8b19 | 4c89 6dc0 
  0x0000019c55709a00: 448b ea0f | b651 1449 | ba20 5522 | 3af8 7f00 | 0049 8b14 | d252 418b | d54c 8b6d | c048 8b45 
  0x0000019c55709a20: d848 85c0 | 0f84 1200 | 0000 4883 | 4008 0148 | 8358 0800 | 4883 c010 | 4889 45d8 | 488b 45d8 
  0x0000019c55709a40: 4885 c00f | 8423 0100 | 0080 78f0 | 0a0f 8519 | 0100 0048 | 83c0 084c | 8b68 f841 | 83ed 0041 
  0x0000019c55709a60: 83fd 020f | 8cf8 0000 | 004c 8b6b | 0845 0fb7 | 6d2e 4c2b | 2841 83ed | 014e 8b6c | ec08 4d85 
  0x0000019c55709a80: ed75 0ef6 | 4008 0175 | 4bf0 4883 | 4808 01eb | 4345 8b6d | 084d 8bd5 | 4c33 6808 | 49f7 c5fc 
  0x0000019c55709aa0: ffff ff74 | 2f41 f6c5 | 0275 2948 | 8378 0800 | 741e 4883 | 7808 0174 | 174d 8bea | 4c33 6808 
  0x0000019c55709ac0: 49f7 c5fc | ffff ff74 | 0b48 8348 | 0802 eb04 | 4c89 6808 | 4883 c010 | 4c8b 68e8 | 4183 ed02 
  0x0000019c55709ae0: 4183 fd02 | 0f8c 7700 | 0000 4c8b | 6b08 450f | b76d 2e4c | 2b28 4183 | ed01 4e8b | 6cec 084d 
  0x0000019c55709b00: 85ed 750e | f640 0801 | 754b f048 | 8348 0801 | eb43 458b | 6d08 4d8b | d54c 3368 | 0849 f7c5 
  0x0000019c55709b20: fcff ffff | 742f 41f6 | c502 7529 | 4883 7808 | 0074 1e48 | 8378 0801 | 7417 4d8b | ea4c 3368 
  0x0000019c55709b40: 0849 f7c5 | fcff ffff | 740b 4883 | 4808 02eb | 044c 8968 | 0848 83c0 | 104c 8b68 | d841 83ed 
  0x0000019c55709b60: 0441 c1e5 | 0349 03c5 | 4889 45d8 | 4c8d 6c24 | 0849 8bcd | 482b cd48 | c1f9 0348 | 894d f0ff 
  0x0000019c55709b80: 6350 660f | 1f44 0000 
[/MachCode]

---------------  P R O C E S S  ---------------

Threads class SMR info:
_java_thread_list=0x0000019c64e57ef0, length=9, elements={
0x0000019c432ead00, 0x0000019c64e7d490, 0x0000019c64e7e1b0, 0x0000019c04027a90,
0x0000019c040286b0, 0x0000019c040292d0, 0x0000019c04029ef0, 0x0000019c0402ae40,
0x0000019c0402c9d0
}

Java Threads: ( => current thread )
=>0x0000019c432ead00 JavaThread "main"                              [_thread_in_vm, id=11460, stack(0x0000002fa0000000,0x0000002fa0100000) (1024K)]
  0x0000019c64e7d490 JavaThread "Reference Handler"          daemon [_thread_blocked, id=22032, stack(0x0000002fa0800000,0x0000002fa0900000) (1024K)]
  0x0000019c64e7e1b0 JavaThread "Finalizer"                  daemon [_thread_blocked, id=28100, stack(0x0000002fa0900000,0x0000002fa0a00000) (1024K)]
  0x0000019c04027a90 JavaThread "Signal Dispatcher"          daemon [_thread_blocked, id=26484, stack(0x0000002fa0a00000,0x0000002fa0b00000) (1024K)]
  0x0000019c040286b0 JavaThread "Attach Listener"            daemon [_thread_blocked, id=3492, stack(0x0000002fa0b00000,0x0000002fa0c00000) (1024K)]
  0x0000019c040292d0 JavaThread "Service Thread"             daemon [_thread_blocked, id=10816, stack(0x0000002fa0c00000,0x0000002fa0d00000) (1024K)]
  0x0000019c04029ef0 JavaThread "Monitor Deflation Thread"   daemon [_thread_blocked, id=30640, stack(0x0000002fa0d00000,0x0000002fa0e00000) (1024K)]
  0x0000019c0402ae40 JavaThread "C2 CompilerThread0"         daemon [_thread_blocked, id=27484, stack(0x0000002fa0e00000,0x0000002fa0f00000) (1024K)]
  0x0000019c0402c9d0 JavaThread "C1 CompilerThread0"         daemon [_thread_blocked, id=14228, stack(0x0000002fa0f00000,0x0000002fa1000000) (1024K)]
Total: 9

Other Threads:
  0x0000019c64e425a0 VMThread "VM Thread"                           [id=27004, stack(0x0000002fa0700000,0x0000002fa0800000) (1024K)]
  0x0000019c64e1cdd0 WatcherThread "VM Periodic Task Thread"        [id=22324, stack(0x0000002fa0600000,0x0000002fa0700000) (1024K)]
  0x0000019c4571fb50 WorkerThread "GC Thread#0"                     [id=29996, stack(0x0000002fa0100000,0x0000002fa0200000) (1024K)]
  0x0000019c45734700 ConcurrentGCThread "G1 Main Marker"            [id=15940, stack(0x0000002fa0200000,0x0000002fa0300000) (1024K)]
  0x0000019c45735210 WorkerThread "G1 Conc#0"                       [id=26284, stack(0x0000002fa0300000,0x0000002fa0400000) (1024K)]
  0x0000019c4577ea10 ConcurrentGCThread "G1 Refine#0"               [id=28912, stack(0x0000002fa0400000,0x0000002fa0500000) (1024K)]
  0x0000019c64ce06b0 ConcurrentGCThread "G1 Service"                [id=28552, stack(0x0000002fa0500000,0x0000002fa0600000) (1024K)]
Total: 7

Threads with active compile tasks:
Total: 0

VM state: not at safepoint (normal execution)

VM Mutex/Monitor currently owned by a thread:  ([mutex/lock_event])
[0x00007ff83a212fc8] Metaspace_lock - owner thread: 0x0000019c432ead00

Heap address: 0x0000000703a00000, size: 4038 MB, Compressed Oops mode: Zero based, Oop shift amount: 3

CDS archive(s) not mapped
Compressed class space mapped at: 0x0000000037000000-0x0000000077000000, reserved size: 1073741824
UseCompressedClassPointers 1, UseCompactObjectHeaders 0
Narrow klass pointer bits 32, Max shift 3
Narrow klass base: 0x0000000000000000, Narrow klass shift: 0
Encoding Range: [0x0000000000000000 - 0x0000000100000000), (4294967296 bytes)
Klass Range:    [0x0000000037000000 - 0x0000000077000000), (1073741824 bytes)
Klass ID Range:  [922746880 - 1996488697) (1073741817)

GC Precious Log:
 CardTable entry size: 512
 Card Set container configuration: InlinePtr #cards 4 size 8 Array Of Cards #cards 16 size 48 Howl #buckets 8 coarsen threshold 3686 Howl Bitmap #cards 512 size 80 coarsen threshold 460 Card regions per heap region 1 cards per card region 4096
 CPUs: 8 total, 8 available
 Memory: 16151M
 Large Page Support: Disabled
 NUMA Support: Disabled
 Compressed Oops: Enabled (Zero based)
 Heap Region Size: 2M
 Heap Min Capacity: 8M
 Heap Initial Capacity: 254M
 Heap Max Capacity: 4038M
 Pre-touch: Disabled
 Parallel Workers: 8
 Concurrent Workers: 2
 Concurrent Refinement Workers: 8
 Periodic GC: Disabled

Heap:
 garbage-first heap   total reserved 4134912K, committed 260096K, used 2048K [0x0000000703a00000, 0x0000000800000000)
  region size 2048K, 2 young (4096K), 0 survivors (0K)
 Metaspace       used 5669K, committed 5696K, reserved 1114112K
  class space    used 359K, committed 384K, reserved 1048576K

Heap Regions: E=young(eden), S=young(survivor), O=old, HS=humongous(starts), HC=humongous(continues), CS=collection set, F=free, TAMS=top-at-mark-start, PB=parsable bottom
|   0|0x0000000703a00000, 0x0000000703a00000, 0x0000000703c00000|  0%| F|  |TAMS 0x0000000703a00000| PB 0x0000000703a00000| Untracked |  0
|   1|0x0000000703c00000, 0x0000000703c00000, 0x0000000703e00000|  0%| F|  |TAMS 0x0000000703c00000| PB 0x0000000703c00000| Untracked |  0
|   2|0x0000000703e00000, 0x0000000703e00000, 0x0000000704000000|  0%| F|  |TAMS 0x0000000703e00000| PB 0x0000000703e00000| Untracked |  0
|   3|0x0000000704000000, 0x0000000704000000, 0x0000000704200000|  0%| F|  |TAMS 0x0000000704000000| PB 0x0000000704000000| Untracked |  0
|   4|0x0000000704200000, 0x0000000704200000, 0x0000000704400000|  0%| F|  |TAMS 0x0000000704200000| PB 0x0000000704200000| Untracked |  0
|   5|0x0000000704400000, 0x0000000704400000, 0x0000000704600000|  0%| F|  |TAMS 0x0000000704400000| PB 0x0000000704400000| Untracked |  0
|   6|0x0000000704600000, 0x0000000704600000, 0x0000000704800000|  0%| F|  |TAMS 0x0000000704600000| PB 0x0000000704600000| Untracked |  0
|   7|0x0000000704800000, 0x0000000704800000, 0x0000000704a00000|  0%| F|  |TAMS 0x0000000704800000| PB 0x0000000704800000| Untracked |  0
|   8|0x0000000704a00000, 0x0000000704a00000, 0x0000000704c00000|  0%| F|  |TAMS 0x0000000704a00000| PB 0x0000000704a00000| Untracked |  0
|   9|0x0000000704c00000, 0x0000000704c00000, 0x0000000704e00000|  0%| F|  |TAMS 0x0000000704c00000| PB 0x0000000704c00000| Untracked |  0
|  10|0x0000000704e00000, 0x0000000704e00000, 0x0000000705000000|  0%| F|  |TAMS 0x0000000704e00000| PB 0x0000000704e00000| Untracked |  0
|  11|0x0000000705000000, 0x0000000705000000, 0x0000000705200000|  0%| F|  |TAMS 0x0000000705000000| PB 0x0000000705000000| Untracked |  0
|  12|0x0000000705200000, 0x0000000705200000, 0x0000000705400000|  0%| F|  |TAMS 0x0000000705200000| PB 0x0000000705200000| Untracked |  0
|  13|0x0000000705400000, 0x0000000705400000, 0x0000000705600000|  0%| F|  |TAMS 0x0000000705400000| PB 0x0000000705400000| Untracked |  0
|  14|0x0000000705600000, 0x0000000705600000, 0x0000000705800000|  0%| F|  |TAMS 0x0000000705600000| PB 0x0000000705600000| Untracked |  0
|  15|0x0000000705800000, 0x0000000705800000, 0x0000000705a00000|  0%| F|  |TAMS 0x0000000705800000| PB 0x0000000705800000| Untracked |  0
|  16|0x0000000705a00000, 0x0000000705a00000, 0x0000000705c00000|  0%| F|  |TAMS 0x0000000705a00000| PB 0x0000000705a00000| Untracked |  0
|  17|0x0000000705c00000, 0x0000000705c00000, 0x0000000705e00000|  0%| F|  |TAMS 0x0000000705c00000| PB 0x0000000705c00000| Untracked |  0
|  18|0x0000000705e00000, 0x0000000705e00000, 0x0000000706000000|  0%| F|  |TAMS 0x0000000705e00000| PB 0x0000000705e00000| Untracked |  0
|  19|0x0000000706000000, 0x0000000706000000, 0x0000000706200000|  0%| F|  |TAMS 0x0000000706000000| PB 0x0000000706000000| Untracked |  0
|  20|0x0000000706200000, 0x0000000706200000, 0x0000000706400000|  0%| F|  |TAMS 0x0000000706200000| PB 0x0000000706200000| Untracked |  0
|  21|0x0000000706400000, 0x0000000706400000, 0x0000000706600000|  0%| F|  |TAMS 0x0000000706400000| PB 0x0000000706400000| Untracked |  0
|  22|0x0000000706600000, 0x0000000706600000, 0x0000000706800000|  0%| F|  |TAMS 0x0000000706600000| PB 0x0000000706600000| Untracked |  0
|  23|0x0000000706800000, 0x0000000706800000, 0x0000000706a00000|  0%| F|  |TAMS 0x0000000706800000| PB 0x0000000706800000| Untracked |  0
|  24|0x0000000706a00000, 0x0000000706a00000, 0x0000000706c00000|  0%| F|  |TAMS 0x0000000706a00000| PB 0x0000000706a00000| Untracked |  0
|  25|0x0000000706c00000, 0x0000000706c00000, 0x0000000706e00000|  0%| F|  |TAMS 0x0000000706c00000| PB 0x0000000706c00000| Untracked |  0
|  26|0x0000000706e00000, 0x0000000706e00000, 0x0000000707000000|  0%| F|  |TAMS 0x0000000706e00000| PB 0x0000000706e00000| Untracked |  0
|  27|0x0000000707000000, 0x0000000707000000, 0x0000000707200000|  0%| F|  |TAMS 0x0000000707000000| PB 0x0000000707000000| Untracked |  0
|  28|0x0000000707200000, 0x0000000707200000, 0x0000000707400000|  0%| F|  |TAMS 0x0000000707200000| PB 0x0000000707200000| Untracked |  0
|  29|0x0000000707400000, 0x0000000707400000, 0x0000000707600000|  0%| F|  |TAMS 0x0000000707400000| PB 0x0000000707400000| Untracked |  0
|  30|0x0000000707600000, 0x0000000707600000, 0x0000000707800000|  0%| F|  |TAMS 0x0000000707600000| PB 0x0000000707600000| Untracked |  0
|  31|0x0000000707800000, 0x0000000707800000, 0x0000000707a00000|  0%| F|  |TAMS 0x0000000707800000| PB 0x0000000707800000| Untracked |  0
|  32|0x0000000707a00000, 0x0000000707a00000, 0x0000000707c00000|  0%| F|  |TAMS 0x0000000707a00000| PB 0x0000000707a00000| Untracked |  0
|  33|0x0000000707c00000, 0x0000000707c00000, 0x0000000707e00000|  0%| F|  |TAMS 0x0000000707c00000| PB 0x0000000707c00000| Untracked |  0
|  34|0x0000000707e00000, 0x0000000707e00000, 0x0000000708000000|  0%| F|  |TAMS 0x0000000707e00000| PB 0x0000000707e00000| Untracked |  0
|  35|0x0000000708000000, 0x0000000708000000, 0x0000000708200000|  0%| F|  |TAMS 0x0000000708000000| PB 0x0000000708000000| Untracked |  0
|  36|0x0000000708200000, 0x0000000708200000, 0x0000000708400000|  0%| F|  |TAMS 0x0000000708200000| PB 0x0000000708200000| Untracked |  0
|  37|0x0000000708400000, 0x0000000708400000, 0x0000000708600000|  0%| F|  |TAMS 0x0000000708400000| PB 0x0000000708400000| Untracked |  0
|  38|0x0000000708600000, 0x0000000708600000, 0x0000000708800000|  0%| F|  |TAMS 0x0000000708600000| PB 0x0000000708600000| Untracked |  0
|  39|0x0000000708800000, 0x0000000708800000, 0x0000000708a00000|  0%| F|  |TAMS 0x0000000708800000| PB 0x0000000708800000| Untracked |  0
|  40|0x0000000708a00000, 0x0000000708a00000, 0x0000000708c00000|  0%| F|  |TAMS 0x0000000708a00000| PB 0x0000000708a00000| Untracked |  0
|  41|0x0000000708c00000, 0x0000000708c00000, 0x0000000708e00000|  0%| F|  |TAMS 0x0000000708c00000| PB 0x0000000708c00000| Untracked |  0
|  42|0x0000000708e00000, 0x0000000708e00000, 0x0000000709000000|  0%| F|  |TAMS 0x0000000708e00000| PB 0x0000000708e00000| Untracked |  0
|  43|0x0000000709000000, 0x0000000709000000, 0x0000000709200000|  0%| F|  |TAMS 0x0000000709000000| PB 0x0000000709000000| Untracked |  0
|  44|0x0000000709200000, 0x0000000709200000, 0x0000000709400000|  0%| F|  |TAMS 0x0000000709200000| PB 0x0000000709200000| Untracked |  0
|  45|0x0000000709400000, 0x0000000709400000, 0x0000000709600000|  0%| F|  |TAMS 0x0000000709400000| PB 0x0000000709400000| Untracked |  0
|  46|0x0000000709600000, 0x0000000709600000, 0x0000000709800000|  0%| F|  |TAMS 0x0000000709600000| PB 0x0000000709600000| Untracked |  0
|  47|0x0000000709800000, 0x0000000709800000, 0x0000000709a00000|  0%| F|  |TAMS 0x0000000709800000| PB 0x0000000709800000| Untracked |  0
|  48|0x0000000709a00000, 0x0000000709a00000, 0x0000000709c00000|  0%| F|  |TAMS 0x0000000709a00000| PB 0x0000000709a00000| Untracked |  0
|  49|0x0000000709c00000, 0x0000000709c00000, 0x0000000709e00000|  0%| F|  |TAMS 0x0000000709c00000| PB 0x0000000709c00000| Untracked |  0
|  50|0x0000000709e00000, 0x0000000709e00000, 0x000000070a000000|  0%| F|  |TAMS 0x0000000709e00000| PB 0x0000000709e00000| Untracked |  0
|  51|0x000000070a000000, 0x000000070a000000, 0x000000070a200000|  0%| F|  |TAMS 0x000000070a000000| PB 0x000000070a000000| Untracked |  0
|  52|0x000000070a200000, 0x000000070a200000, 0x000000070a400000|  0%| F|  |TAMS 0x000000070a200000| PB 0x000000070a200000| Untracked |  0
|  53|0x000000070a400000, 0x000000070a400000, 0x000000070a600000|  0%| F|  |TAMS 0x000000070a400000| PB 0x000000070a400000| Untracked |  0
|  54|0x000000070a600000, 0x000000070a600000, 0x000000070a800000|  0%| F|  |TAMS 0x000000070a600000| PB 0x000000070a600000| Untracked |  0
|  55|0x000000070a800000, 0x000000070a800000, 0x000000070aa00000|  0%| F|  |TAMS 0x000000070a800000| PB 0x000000070a800000| Untracked |  0
|  56|0x000000070aa00000, 0x000000070aa00000, 0x000000070ac00000|  0%| F|  |TAMS 0x000000070aa00000| PB 0x000000070aa00000| Untracked |  0
|  57|0x000000070ac00000, 0x000000070ac00000, 0x000000070ae00000|  0%| F|  |TAMS 0x000000070ac00000| PB 0x000000070ac00000| Untracked |  0
|  58|0x000000070ae00000, 0x000000070ae00000, 0x000000070b000000|  0%| F|  |TAMS 0x000000070ae00000| PB 0x000000070ae00000| Untracked |  0
|  59|0x000000070b000000, 0x000000070b000000, 0x000000070b200000|  0%| F|  |TAMS 0x000000070b000000| PB 0x000000070b000000| Untracked |  0
|  60|0x000000070b200000, 0x000000070b200000, 0x000000070b400000|  0%| F|  |TAMS 0x000000070b200000| PB 0x000000070b200000| Untracked |  0
|  61|0x000000070b400000, 0x000000070b400000, 0x000000070b600000|  0%| F|  |TAMS 0x000000070b400000| PB 0x000000070b400000| Untracked |  0
|  62|0x000000070b600000, 0x000000070b600000, 0x000000070b800000|  0%| F|  |TAMS 0x000000070b600000| PB 0x000000070b600000| Untracked |  0
|  63|0x000000070b800000, 0x000000070b800000, 0x000000070ba00000|  0%| F|  |TAMS 0x000000070b800000| PB 0x000000070b800000| Untracked |  0
|  64|0x000000070ba00000, 0x000000070ba00000, 0x000000070bc00000|  0%| F|  |TAMS 0x000000070ba00000| PB 0x000000070ba00000| Untracked |  0
|  65|0x000000070bc00000, 0x000000070bc00000, 0x000000070be00000|  0%| F|  |TAMS 0x000000070bc00000| PB 0x000000070bc00000| Untracked |  0
|  66|0x000000070be00000, 0x000000070be00000, 0x000000070c000000|  0%| F|  |TAMS 0x000000070be00000| PB 0x000000070be00000| Untracked |  0
|  67|0x000000070c000000, 0x000000070c000000, 0x000000070c200000|  0%| F|  |TAMS 0x000000070c000000| PB 0x000000070c000000| Untracked |  0
|  68|0x000000070c200000, 0x000000070c200000, 0x000000070c400000|  0%| F|  |TAMS 0x000000070c200000| PB 0x000000070c200000| Untracked |  0
|  69|0x000000070c400000, 0x000000070c400000, 0x000000070c600000|  0%| F|  |TAMS 0x000000070c400000| PB 0x000000070c400000| Untracked |  0
|  70|0x000000070c600000, 0x000000070c600000, 0x000000070c800000|  0%| F|  |TAMS 0x000000070c600000| PB 0x000000070c600000| Untracked |  0
|  71|0x000000070c800000, 0x000000070c800000, 0x000000070ca00000|  0%| F|  |TAMS 0x000000070c800000| PB 0x000000070c800000| Untracked |  0
|  72|0x000000070ca00000, 0x000000070ca00000, 0x000000070cc00000|  0%| F|  |TAMS 0x000000070ca00000| PB 0x000000070ca00000| Untracked |  0
|  73|0x000000070cc00000, 0x000000070cc00000, 0x000000070ce00000|  0%| F|  |TAMS 0x000000070cc00000| PB 0x000000070cc00000| Untracked |  0
|  74|0x000000070ce00000, 0x000000070ce00000, 0x000000070d000000|  0%| F|  |TAMS 0x000000070ce00000| PB 0x000000070ce00000| Untracked |  0
|  75|0x000000070d000000, 0x000000070d000000, 0x000000070d200000|  0%| F|  |TAMS 0x000000070d000000| PB 0x000000070d000000| Untracked |  0
|  76|0x000000070d200000, 0x000000070d200000, 0x000000070d400000|  0%| F|  |TAMS 0x000000070d200000| PB 0x000000070d200000| Untracked |  0
|  77|0x000000070d400000, 0x000000070d400000, 0x000000070d600000|  0%| F|  |TAMS 0x000000070d400000| PB 0x000000070d400000| Untracked |  0
|  78|0x000000070d600000, 0x000000070d600000, 0x000000070d800000|  0%| F|  |TAMS 0x000000070d600000| PB 0x000000070d600000| Untracked |  0
|  79|0x000000070d800000, 0x000000070d800000, 0x000000070da00000|  0%| F|  |TAMS 0x000000070d800000| PB 0x000000070d800000| Untracked |  0
|  80|0x000000070da00000, 0x000000070da00000, 0x000000070dc00000|  0%| F|  |TAMS 0x000000070da00000| PB 0x000000070da00000| Untracked |  0
|  81|0x000000070dc00000, 0x000000070dc00000, 0x000000070de00000|  0%| F|  |TAMS 0x000000070dc00000| PB 0x000000070dc00000| Untracked |  0
|  82|0x000000070de00000, 0x000000070de00000, 0x000000070e000000|  0%| F|  |TAMS 0x000000070de00000| PB 0x000000070de00000| Untracked |  0
|  83|0x000000070e000000, 0x000000070e000000, 0x000000070e200000|  0%| F|  |TAMS 0x000000070e000000| PB 0x000000070e000000| Untracked |  0
|  84|0x000000070e200000, 0x000000070e200000, 0x000000070e400000|  0%| F|  |TAMS 0x000000070e200000| PB 0x000000070e200000| Untracked |  0
|  85|0x000000070e400000, 0x000000070e400000, 0x000000070e600000|  0%| F|  |TAMS 0x000000070e400000| PB 0x000000070e400000| Untracked |  0
|  86|0x000000070e600000, 0x000000070e600000, 0x000000070e800000|  0%| F|  |TAMS 0x000000070e600000| PB 0x000000070e600000| Untracked |  0
|  87|0x000000070e800000, 0x000000070e800000, 0x000000070ea00000|  0%| F|  |TAMS 0x000000070e800000| PB 0x000000070e800000| Untracked |  0
|  88|0x000000070ea00000, 0x000000070ea00000, 0x000000070ec00000|  0%| F|  |TAMS 0x000000070ea00000| PB 0x000000070ea00000| Untracked |  0
|  89|0x000000070ec00000, 0x000000070ec00000, 0x000000070ee00000|  0%| F|  |TAMS 0x000000070ec00000| PB 0x000000070ec00000| Untracked |  0
|  90|0x000000070ee00000, 0x000000070ee00000, 0x000000070f000000|  0%| F|  |TAMS 0x000000070ee00000| PB 0x000000070ee00000| Untracked |  0
|  91|0x000000070f000000, 0x000000070f000000, 0x000000070f200000|  0%| F|  |TAMS 0x000000070f000000| PB 0x000000070f000000| Untracked |  0
|  92|0x000000070f200000, 0x000000070f200000, 0x000000070f400000|  0%| F|  |TAMS 0x000000070f200000| PB 0x000000070f200000| Untracked |  0
|  93|0x000000070f400000, 0x000000070f400000, 0x000000070f600000|  0%| F|  |TAMS 0x000000070f400000| PB 0x000000070f400000| Untracked |  0
|  94|0x000000070f600000, 0x000000070f600000, 0x000000070f800000|  0%| F|  |TAMS 0x000000070f600000| PB 0x000000070f600000| Untracked |  0
|  95|0x000000070f800000, 0x000000070f800000, 0x000000070fa00000|  0%| F|  |TAMS 0x000000070f800000| PB 0x000000070f800000| Untracked |  0
|  96|0x000000070fa00000, 0x000000070fa00000, 0x000000070fc00000|  0%| F|  |TAMS 0x000000070fa00000| PB 0x000000070fa00000| Untracked |  0
|  97|0x000000070fc00000, 0x000000070fc00000, 0x000000070fe00000|  0%| F|  |TAMS 0x000000070fc00000| PB 0x000000070fc00000| Untracked |  0
|  98|0x000000070fe00000, 0x000000070fe00000, 0x0000000710000000|  0%| F|  |TAMS 0x000000070fe00000| PB 0x000000070fe00000| Untracked |  0
|  99|0x0000000710000000, 0x0000000710000000, 0x0000000710200000|  0%| F|  |TAMS 0x0000000710000000| PB 0x0000000710000000| Untracked |  0
| 100|0x0000000710200000, 0x0000000710200000, 0x0000000710400000|  0%| F|  |TAMS 0x0000000710200000| PB 0x0000000710200000| Untracked |  0
| 101|0x0000000710400000, 0x0000000710400000, 0x0000000710600000|  0%| F|  |TAMS 0x0000000710400000| PB 0x0000000710400000| Untracked |  0
| 102|0x0000000710600000, 0x0000000710600000, 0x0000000710800000|  0%| F|  |TAMS 0x0000000710600000| PB 0x0000000710600000| Untracked |  0
| 103|0x0000000710800000, 0x0000000710800000, 0x0000000710a00000|  0%| F|  |TAMS 0x0000000710800000| PB 0x0000000710800000| Untracked |  0
| 104|0x0000000710a00000, 0x0000000710a00000, 0x0000000710c00000|  0%| F|  |TAMS 0x0000000710a00000| PB 0x0000000710a00000| Untracked |  0
| 105|0x0000000710c00000, 0x0000000710c00000, 0x0000000710e00000|  0%| F|  |TAMS 0x0000000710c00000| PB 0x0000000710c00000| Untracked |  0
| 106|0x0000000710e00000, 0x0000000710e00000, 0x0000000711000000|  0%| F|  |TAMS 0x0000000710e00000| PB 0x0000000710e00000| Untracked |  0
| 107|0x0000000711000000, 0x0000000711000000, 0x0000000711200000|  0%| F|  |TAMS 0x0000000711000000| PB 0x0000000711000000| Untracked |  0
| 108|0x0000000711200000, 0x0000000711200000, 0x0000000711400000|  0%| F|  |TAMS 0x0000000711200000| PB 0x0000000711200000| Untracked |  0
| 109|0x0000000711400000, 0x0000000711400000, 0x0000000711600000|  0%| F|  |TAMS 0x0000000711400000| PB 0x0000000711400000| Untracked |  0
| 110|0x0000000711600000, 0x0000000711600000, 0x0000000711800000|  0%| F|  |TAMS 0x0000000711600000| PB 0x0000000711600000| Untracked |  0
| 111|0x0000000711800000, 0x0000000711800000, 0x0000000711a00000|  0%| F|  |TAMS 0x0000000711800000| PB 0x0000000711800000| Untracked |  0
| 112|0x0000000711a00000, 0x0000000711a00000, 0x0000000711c00000|  0%| F|  |TAMS 0x0000000711a00000| PB 0x0000000711a00000| Untracked |  0
| 113|0x0000000711c00000, 0x0000000711c00000, 0x0000000711e00000|  0%| F|  |TAMS 0x0000000711c00000| PB 0x0000000711c00000| Untracked |  0
| 114|0x0000000711e00000, 0x0000000711e00000, 0x0000000712000000|  0%| F|  |TAMS 0x0000000711e00000| PB 0x0000000711e00000| Untracked |  0
| 115|0x0000000712000000, 0x0000000712000000, 0x0000000712200000|  0%| F|  |TAMS 0x0000000712000000| PB 0x0000000712000000| Untracked |  0
| 116|0x0000000712200000, 0x0000000712200000, 0x0000000712400000|  0%| F|  |TAMS 0x0000000712200000| PB 0x0000000712200000| Untracked |  0
| 117|0x0000000712400000, 0x0000000712400000, 0x0000000712600000|  0%| F|  |TAMS 0x0000000712400000| PB 0x0000000712400000| Untracked |  0
| 118|0x0000000712600000, 0x0000000712600000, 0x0000000712800000|  0%| F|  |TAMS 0x0000000712600000| PB 0x0000000712600000| Untracked |  0
| 119|0x0000000712800000, 0x0000000712800000, 0x0000000712a00000|  0%| F|  |TAMS 0x0000000712800000| PB 0x0000000712800000| Untracked |  0
| 120|0x0000000712a00000, 0x0000000712a00000, 0x0000000712c00000|  0%| F|  |TAMS 0x0000000712a00000| PB 0x0000000712a00000| Untracked |  0
| 121|0x0000000712c00000, 0x0000000712c00000, 0x0000000712e00000|  0%| F|  |TAMS 0x0000000712c00000| PB 0x0000000712c00000| Untracked |  0
| 122|0x0000000712e00000, 0x0000000712e00000, 0x0000000713000000|  0%| F|  |TAMS 0x0000000712e00000| PB 0x0000000712e00000| Untracked |  0
| 123|0x0000000713000000, 0x0000000713000000, 0x0000000713200000|  0%| F|  |TAMS 0x0000000713000000| PB 0x0000000713000000| Untracked |  0
| 124|0x0000000713200000, 0x0000000713200000, 0x0000000713400000|  0%| F|  |TAMS 0x0000000713200000| PB 0x0000000713200000| Untracked |  0
| 125|0x0000000713400000, 0x00000007134f5c40, 0x0000000713600000| 48%| E|  |TAMS 0x0000000713400000| PB 0x0000000713400000| Complete |  0
| 126|0x0000000713600000, 0x0000000713800000, 0x0000000713800000|100%| E|CS|TAMS 0x0000000713600000| PB 0x0000000713600000| Complete |  0

Card table byte_map: [0x0000019c5dcf0000,0x0000019c5e4e0000] _byte_map_base: 0x0000019c5a4d3000

Marking Bits: (CMBitMap*) 0x0000019c45720260
 Bits: [0x0000019c5e4e0000, 0x0000019c623f8000)

Polling page: 0x0000019c43510000

Metaspace:

Usage:
  Non-class:      5.19 MB used.
      Class:    359.96 KB used.
       Both:      5.54 MB used.

Virtual space:
  Non-class space:       64.00 MB reserved,       5.19 MB (  8%) committed,  1 nodes.
      Class space:        1.00 GB reserved,     384.00 KB ( <1%) committed,  1 nodes.
             Both:        1.06 GB reserved,       5.56 MB ( <1%) committed. 

Chunk freelists:
   Non-Class:  10.00 MB
       Class:  15.62 MB
        Both:  25.62 MB

MaxMetaspaceSize: unlimited
CompressedClassSpaceSize: 1.00 GB
Initial GC threshold: 21.00 MB
Current GC threshold: 21.00 MB
CDS: off
 - commit_granule_bytes: 65536.
 - commit_granule_words: 8192.
 - virtual_space_node_default_size: 8388608.
 - enlarge_chunks_in_place: 1.
UseCompressedClassPointers 1, UseCompactObjectHeaders 0
Narrow klass pointer bits 32, Max shift 3
Narrow klass base: 0x0000000000000000, Narrow klass shift: 0
Encoding Range: [0x0000000000000000 - 0x0000000100000000), (4294967296 bytes)
Klass Range:    [0x0000000037000000 - 0x0000000077000000), (1073741824 bytes)
Klass ID Range:  [922746880 - 1996488697) (1073741817)


Internal statistics:

num_allocs_failed_limit: 0.
num_arena_births: 2.
num_arena_deaths: 0.
num_vsnodes_births: 2.
num_vsnodes_deaths: 0.
num_space_committed: 89.
num_space_uncommitted: 0.
num_chunks_returned_to_freelist: 0.
num_chunks_taken_from_freelist: 5.
num_chunk_merges: 0.
num_chunk_splits: 3.
num_chunks_enlarged: 1.
num_inconsistent_stats: 0.

CodeHeap 'non-profiled nmethods': size=120064Kb used=13Kb max_used=13Kb free=120050Kb
 bounds [0x0000019c55c80000, 0x0000019c55ef0000, 0x0000019c5d1c0000]
CodeHeap 'profiled nmethods': size=120000Kb used=38Kb max_used=38Kb free=119961Kb
 bounds [0x0000019c4e1c0000, 0x0000019c4e430000, 0x0000019c556f0000]
CodeHeap 'non-nmethods': size=5696Kb used=1261Kb max_used=1261Kb free=4434Kb
 bounds [0x0000019c556f0000, 0x0000019c55960000, 0x0000019c55c80000]
CodeCache: size=245760Kb, used=1312Kb, max_used=1312Kb, free=244445Kb
 total_blobs=396, nmethods=51, adapters=251, full_count=0
Compilation: enabled, stopped_count=0, restarted_count=0

Compilation events (20 events):
Event: 3.047 Thread 0x0000019c0402c9d0   31       3       java.util.ImmutableCollections$SetN$SetNIterator::<init> (36 bytes)
Event: 3.047 Thread 0x0000019c0402c9d0 nmethod 31 0x0000019c4e1c7c88 code [0x0000019c4e1c7da0, 0x0000019c4e1c7fa0]
Event: 3.049 Thread 0x0000019c0402c9d0   36       3       java.util.HashMap::hash (20 bytes)
Event: 3.050 Thread 0x0000019c0402c9d0 nmethod 36 0x0000019c4e1c8008 code [0x0000019c4e1c8120, 0x0000019c4e1c8318]
Event: 3.061 Thread 0x0000019c0402c9d0   38       3       java.util.concurrent.ConcurrentHashMap::casTabAt (21 bytes)
Event: 3.061 Thread 0x0000019c0402c9d0 nmethod 38 0x0000019c4e1c8388 code [0x0000019c4e1c84a0, 0x0000019c4e1c8610]
Event: 3.068 Thread 0x0000019c0402c9d0   39       3       java.util.concurrent.ConcurrentHashMap::tabAt (22 bytes)
Event: 3.069 Thread 0x0000019c0402c9d0 nmethod 39 0x0000019c4e1c8688 code [0x0000019c4e1c87a0, 0x0000019c4e1c8ab8]
Event: 3.069 Thread 0x0000019c0402c9d0   40       3       jdk.internal.misc.Unsafe::getReferenceAcquire (7 bytes)
Event: 3.069 Thread 0x0000019c0402c9d0 nmethod 40 0x0000019c4e1c8b08 code [0x0000019c4e1c8c20, 0x0000019c4e1c8d78]
Event: 3.069 Thread 0x0000019c0402c9d0   42       3       java.util.concurrent.ConcurrentHashMap::spread (10 bytes)
Event: 3.069 Thread 0x0000019c0402c9d0 nmethod 42 0x0000019c4e1c8e08 code [0x0000019c4e1c8f20, 0x0000019c4e1c9018]
Event: 3.070 Thread 0x0000019c0402c9d0   44       3       java.lang.StringLatin1::canEncode (17 bytes)
Event: 3.070 Thread 0x0000019c0402c9d0 nmethod 44 0x0000019c4e1c9108 code [0x0000019c4e1c9220, 0x0000019c4e1c9388]
Event: 3.070 Thread 0x0000019c0402c9d0   47       3       java.util.ImmutableCollections$AbstractImmutableCollection::<init> (5 bytes)
Event: 3.071 Thread 0x0000019c0402c9d0 nmethod 47 0x0000019c4e1c9408 code [0x0000019c4e1c9520, 0x0000019c4e1c96e0]
Event: 3.071 Thread 0x0000019c0402c9d0   46       1       java.lang.Enum::ordinal (5 bytes)
Event: 3.071 Thread 0x0000019c0402c9d0 nmethod 46 0x0000019c55c82908 code [0x0000019c55c82a00, 0x0000019c55c82ac8]
Event: 3.084 Thread 0x0000019c0402c9d0   51       3       java.lang.Enum::<init> (15 bytes)
Event: 3.084 Thread 0x0000019c0402c9d0 nmethod 51 0x0000019c4e1c9708 code [0x0000019c4e1c9820, 0x0000019c4e1c99e0]

GC Heap History (0 events):
No events

Dll operation events (2 events):
Event: 0.010 Loaded shared library C:\Program Files\Apache NetBeans\jdk\bin\java.dll
Event: 2.005 Loaded shared library C:\Program Files\Apache NetBeans\jdk\bin\jsvml.dll

Deoptimization events (0 events):
No events

Classes loaded (20 events):
Event: 3.086 Loading class jdk/internal/classfile/impl/AbstractAttributeMapper$CodeMapper done
Event: 3.086 Loading class java/lang/invoke/InvokerBytecodeGenerator$2
Event: 3.086 Loading class java/lang/invoke/InvokerBytecodeGenerator$2 done
Event: 3.086 Loading class jdk/internal/classfile/impl/Util$1WithCodeMethodHandler
Event: 3.086 Loading class jdk/internal/classfile/impl/Util$1WithCodeMethodHandler done
Event: 3.086 Loading class jdk/internal/classfile/impl/DirectFieldBuilder
Event: 3.086 Loading class jdk/internal/classfile/impl/TerminalFieldBuilder
Event: 3.086 Loading class java/lang/classfile/FieldBuilder
Event: 3.086 Loading class java/lang/classfile/FieldBuilder done
Event: 3.086 Loading class jdk/internal/classfile/impl/TerminalFieldBuilder done
Event: 3.086 Loading class jdk/internal/classfile/impl/DirectFieldBuilder done
Event: 3.086 Loading class java/lang/classfile/CustomAttribute
Event: 3.086 Loading class java/lang/classfile/CustomAttribute done
Event: 3.086 Loading class jdk/internal/classfile/impl/AnnotationReader
Event: 3.087 Loading class jdk/internal/classfile/impl/AnnotationReader done
Event: 3.087 Loading class java/util/ImmutableCollections$ListItr
Event: 3.087 Loading class java/util/ListIterator
Event: 3.087 Loading class java/util/ListIterator done
Event: 3.087 Loading class java/util/ImmutableCollections$ListItr done
Event: 3.087 Loading class jdk/internal/classfile/impl/StackMapGenerator

Classes unloaded (0 events):
No events

Classes redefined (0 events):
No events

Internal exceptions (0 events):
No events

VM Operations (0 events):
No events

Memory protections (0 events):
No events

Nmethod flushes (0 events):
No events

Events (9 events):
Event: 1.959 Thread 0x0000019c432ead00 Thread added: 0x0000019c432ead00
Event: 2.001 Thread 0x0000019c432ead00 Thread added: 0x0000019c64e7d490
Event: 2.001 Thread 0x0000019c432ead00 Thread added: 0x0000019c64e7e1b0
Event: 2.002 Thread 0x0000019c432ead00 Thread added: 0x0000019c04027a90
Event: 2.002 Thread 0x0000019c432ead00 Thread added: 0x0000019c040286b0
Event: 2.003 Thread 0x0000019c432ead00 Thread added: 0x0000019c040292d0
Event: 2.003 Thread 0x0000019c432ead00 Thread added: 0x0000019c04029ef0
Event: 2.003 Thread 0x0000019c432ead00 Thread added: 0x0000019c0402ae40
Event: 2.003 Thread 0x0000019c432ead00 Thread added: 0x0000019c0402c9d0


Dynamic libraries:
0x00007ff7b4680000 - 0x00007ff7b468e000 	C:\Program Files\Apache NetBeans\jdk\bin\java.exe
0x00007ff8d9d40000 - 0x00007ff8d9fa6000 	C:\WINDOWS\SYSTEM32\ntdll.dll
0x00007ff8d8950000 - 0x00007ff8d8a19000 	C:\WINDOWS\System32\KERNEL32.DLL
0x00007ff8d7220000 - 0x00007ff8d75ec000 	C:\WINDOWS\System32\KERNELBASE.dll
0x00007ff8d70d0000 - 0x00007ff8d721b000 	C:\WINDOWS\System32\ucrtbase.dll
0x00007ff8d1980000 - 0x00007ff8d199e000 	C:\Program Files\Apache NetBeans\jdk\bin\VCRUNTIME140.dll
0x00007ff8c8be0000 - 0x00007ff8c8bf6000 	C:\Program Files\Apache NetBeans\jdk\bin\jli.dll
0x00007ff8d8fa0000 - 0x00007ff8d916a000 	C:\WINDOWS\System32\USER32.dll
0x00007ff8b9950000 - 0x00007ff8b9bea000 	C:\WINDOWS\WinSxS\amd64_microsoft.windows.common-controls_6595b64144ccf1df_6.0.26100.3912_none_3e07963ce335137e\COMCTL32.dll
0x00007ff8d6ed0000 - 0x00007ff8d6ef7000 	C:\WINDOWS\System32\win32u.dll
0x00007ff8d7b00000 - 0x00007ff8d7b2b000 	C:\WINDOWS\System32\GDI32.dll
0x00007ff8d91d0000 - 0x00007ff8d9279000 	C:\WINDOWS\System32\msvcrt.dll
0x00007ff8d6f00000 - 0x00007ff8d7032000 	C:\WINDOWS\System32\gdi32full.dll
0x00007ff8d7990000 - 0x00007ff8d7a33000 	C:\WINDOWS\System32\msvcp_win.dll
0x00007ff8d8ab0000 - 0x00007ff8d8ae0000 	C:\WINDOWS\System32\IMM32.DLL
0x00007ff8d38c0000 - 0x00007ff8d38cc000 	C:\Program Files\Apache NetBeans\jdk\bin\vcruntime140_1.dll
0x00007ff8b8a00000 - 0x00007ff8b8a8d000 	C:\Program Files\Apache NetBeans\jdk\bin\msvcp140.dll
0x00007ff839480000 - 0x00007ff83a2fc000 	C:\Program Files\Apache NetBeans\jdk\bin\server\jvm.dll
0x00007ff8d9c40000 - 0x00007ff8d9cf2000 	C:\WINDOWS\System32\ADVAPI32.dll
0x00007ff8d7d60000 - 0x00007ff8d7e06000 	C:\WINDOWS\System32\sechost.dll
0x00007ff8d82a0000 - 0x00007ff8d83b6000 	C:\WINDOWS\System32\RPCRT4.dll
0x00007ff8d8a20000 - 0x00007ff8d8a94000 	C:\WINDOWS\System32\WS2_32.dll
0x00007ff8d6710000 - 0x00007ff8d676e000 	C:\WINDOWS\SYSTEM32\POWRPROF.dll
0x00007ff8ce620000 - 0x00007ff8ce656000 	C:\WINDOWS\SYSTEM32\WINMM.dll
0x00007ff8c6540000 - 0x00007ff8c654b000 	C:\WINDOWS\SYSTEM32\VERSION.dll
0x00007ff8d66f0000 - 0x00007ff8d6704000 	C:\WINDOWS\SYSTEM32\UMPDC.dll
0x00007ff8d5c90000 - 0x00007ff8d5caa000 	C:\WINDOWS\SYSTEM32\kernel.appcore.dll
0x00007ff8d1890000 - 0x00007ff8d189a000 	C:\Program Files\Apache NetBeans\jdk\bin\jimage.dll
0x00007ff8d4720000 - 0x00007ff8d4961000 	C:\WINDOWS\SYSTEM32\DBGHELP.DLL
0x00007ff8d7f10000 - 0x00007ff8d8294000 	C:\WINDOWS\System32\combase.dll
0x00007ff8d7e10000 - 0x00007ff8d7ef0000 	C:\WINDOWS\System32\OLEAUT32.dll
0x00007ff8ab840000 - 0x00007ff8ab879000 	C:\WINDOWS\SYSTEM32\dbgcore.DLL
0x00007ff8d7770000 - 0x00007ff8d7809000 	C:\WINDOWS\System32\bcryptPrimitives.dll
0x00007ff8d1850000 - 0x00007ff8d186e000 	C:\Program Files\Apache NetBeans\jdk\bin\java.dll
0x00007ff8d8b20000 - 0x00007ff8d8cbf000 	C:\WINDOWS\System32\ole32.dll
0x00007ff8d94a0000 - 0x00007ff8d9bcd000 	C:\WINDOWS\System32\SHELL32.dll
0x00007ff8d75f0000 - 0x00007ff8d7764000 	C:\WINDOWS\System32\wintypes.dll
0x00007ff8d4b10000 - 0x00007ff8d5366000 	C:\WINDOWS\SYSTEM32\windows.storage.dll
0x00007ff8d9320000 - 0x00007ff8d940f000 	C:\WINDOWS\System32\SHCORE.dll
0x00007ff8d9bd0000 - 0x00007ff8d9c39000 	C:\WINDOWS\System32\shlwapi.dll
0x00007ff8d6de0000 - 0x00007ff8d6e0f000 	C:\WINDOWS\SYSTEM32\profapi.dll
0x00007ff8abb60000 - 0x00007ff8abc37000 	C:\Program Files\Apache NetBeans\jdk\bin\jsvml.dll

JVMTI agents: none

dbghelp: loaded successfully - version: 4.0.5 - missing functions: none
symbol engine: initialized successfully - sym options: 0x614 - pdb path: .;C:\Program Files\Apache NetBeans\jdk\bin;C:\WINDOWS\SYSTEM32;C:\WINDOWS\WinSxS\amd64_microsoft.windows.common-controls_6595b64144ccf1df_6.0.26100.3912_none_3e07963ce335137e;C:\Program Files\Apache NetBeans\jdk\bin\server

VM Arguments:
jvm_args: -Dfile.encoding=UTF-8 --module-path=C:\Users\Sanaya Bhardwaj\Documents\NetBeansProjects\Employee Management System\build\classes 
java_command: employee.management.system.Splash
java_class_path (initial): C:\Users\Sanaya Bhardwaj\Downloads\mysql-connector-java-8.0.28.jar;C:\Users\Sanaya Bhardwaj\Downloads\jcalendar-tz-1.3.3-4.jar;C:\Users\Sanaya Bhardwaj\Documents\NetBeansProjects\Employee Management System\build\classes
Launcher Type: SUN_STANDARD

[Global flags]
     intx CICompilerCount                          = 4                                         {product} {ergonomic}
     uint ConcGCThreads                            = 2                                         {product} {ergonomic}
     uint G1ConcRefinementThreads                  = 8                                         {product} {ergonomic}
   size_t G1HeapRegionSize                         = 2097152                                   {product} {ergonomic}
   size_t InitialHeapSize                          = 266338304                                 {product} {ergonomic}
   size_t MarkStackSize                            = 4194304                                   {product} {ergonomic}
   size_t MarkStackSizeMax                         = 536870912                                 {product} {ergonomic}
   size_t MaxHeapSize                              = 4234149888                                {product} {ergonomic}
   size_t MaxNewSize                               = 2539651072                                {product} {ergonomic}
   size_t MinHeapDeltaBytes                        = 2097152                                   {product} {ergonomic}
   size_t MinHeapSize                              = 8388608                                   {product} {ergonomic}
    uintx NonNMethodCodeHeapSize                   = 5832704                                {pd product} {ergonomic}
    uintx NonProfiledCodeHeapSize                  = 122945536                              {pd product} {ergonomic}
    uintx ProfiledCodeHeapSize                     = 122880000                              {pd product} {ergonomic}
    uintx ReservedCodeCacheSize                    = 251658240                              {pd product} {ergonomic}
     bool SegmentedCodeCache                       = true                                      {product} {ergonomic}
   size_t SoftMaxHeapSize                          = 4234149888                             {manageable} {ergonomic}
     bool UseCompressedOops                        = true                           {product lp64_product} {ergonomic}
     bool UseG1GC                                  = true                                      {product} {ergonomic}
     bool UseLargePagesIndividualAllocation        = false                                  {pd product} {ergonomic}

Logging:
Log output configuration:
 #0: stdout all=warning uptime,level,tags foldmultilines=false
 #1: stderr all=off uptime,level,tags foldmultilines=false

Environment Variables:
PATH=C:\Program Files\Common Files\Oracle\Java\javapath;C:\WINDOWS\system32;C:\WINDOWS;C:\WINDOWS\System32\Wbem;C:\WINDOWS\System32\WindowsPowerShell\v1.0\;C:\WINDOWS\System32\OpenSSH\;C:\nvm;C:\nvm4w\nodejs;C:\Program Files\Java\jdk-24\bin;C:\Program Files\MySQL\MySQL Shell 8.0\bin\;C:\Users\Sanaya Bhardwaj\AppData\Local\Programs\Python\Python313\Scripts\;C:\Users\Sanaya Bhardwaj\AppData\Local\Programs\Python\Python313\;C:\Users\Sanaya Bhardwaj\AppData\Local\Microsoft\WindowsApps;C:\Users\Sanaya Bhardwaj\AppData\Local\Programs\Microsoft VS Code\bin;C:\Flutter\src\flutter\bin;C:\nvm;C:\nvm4w\nodejs
USERNAME=Sanaya Bhardwaj
OS=Windows_NT
PROCESSOR_IDENTIFIER=Intel64 Family 6 Model 140 Stepping 1, GenuineIntel
TMP=C:\Users\SANAYA~1\AppData\Local\Temp
TEMP=C:\Users\SANAYA~1\AppData\Local\Temp




Periodic native trim disabled

---------------  S Y S T E M  ---------------

OS:
 Windows 11 , 64 bit Build 26100 (10.0.26100.3912)
OS uptime: 9 days 16:34 hours
Hyper-V role detected

CPU: total 8 (initial active 8) (4 cores per cpu, 2 threads per core) family 6 model 140 stepping 1 microcode 0xb4, cx8, cmov, fxsr, ht, mmx, 3dnowpref, sse, sse2, sse3, ssse3, sse4.1, sse4.2, popcnt, lzcnt, tsc, tscinvbit, avx, avx2, aes, erms, clmul, bmi1, bmi2, adx, avx512f, avx512dq, avx512cd, avx512bw, avx512vl, sha, fma, vzeroupper, avx512_vpopcntdq, avx512_vpclmulqdq, avx512_vaes, avx512_vnni, clflush, clflushopt, clwb, avx512_vbmi2, avx512_vbmi, hv, rdtscp, rdpid, fsrm, gfni, avx512_bitalg, f16c, cet_ibt, cet_ss, avx512_ifma
Processor Information for the first 8 processors :
  Max Mhz: 2419, Current Mhz: 2419, Mhz Limit: 2419

Memory: 4k page, system-wide physical 16151M (5834M free)
TotalPageFile size 34791M (AvailPageFile size 0M)
current process WorkingSet (physical memory assigned to process): 31M, peak: 31M
current process commit charge ("private bytes"): 330M, peak: 330M

vm_info: OpenJDK 64-Bit Server VM (24.0.1+9) for windows-amd64 JRE (24.0.1+9) (Zulu24.30+11-CA), built on 2025-03-21T13:52:34Z with MS VC++ 17.1 (VS2022)

END.
