#
# There is insufficient memory for the Java Runtime Environment to continue.
# Native memory allocation (malloc) failed to allocate 551632 bytes. Error detail: Chunk::new
# Possible reasons:
#   The system is out of physical RAM or swap space
#   This process is running with CompressedOops enabled, and the Java Heap may be blocking the growth of the native heap
# Possible solutions:
#   Reduce memory load on the system
#   Increase physical memory or swap space
#   Check if swap backing store is full
#   Decrease Java heap size (-Xmx/-Xms)
#   Decrease number of Java threads
#   Decrease Java thread stack sizes (-Xss)
#   Set larger code cache with -XX:ReservedCodeCacheSize=
#   JVM is running with Zero Based Compressed Oops mode in which the Java heap is
#     placed in the first 32GB address space. The Java Heap base address is the
#     maximum limit for the native heap growth. Please use -XX:HeapBaseMinAddress
#     to set the Java Heap base and to place the Java Heap above 32GB virtual address.
# This output file may be truncated or incomplete.
#
#  Out of Memory Error (arena.cpp:162), pid=18480, tid=28736
#
# JRE version: OpenJDK Runtime Environment Zulu24.30+11-CA (24.0.1+9) (build 24.0.1+9)
# Java VM: OpenJDK 64-Bit Server VM Zulu24.30+11-CA (24.0.1+9, mixed mode, sharing, tiered, compressed oops, compressed class ptrs, g1 gc, windows-amd64)
# No core dump will be written. Minidumps are not enabled by default on client versions of Windows
#

---------------  S U M M A R Y ------------

Command Line: -Dfile.encoding=UTF-8 --module-path=C:\Users\Sanaya Bhardwaj\Documents\NetBeansProjects\Employee Management System\build\classes employee.management.system.Splash

Host: 11th Gen Intel(R) Core(TM) i5-1135G7 @ 2.40GHz, 8 cores, 15G,  Windows 11 , 64 bit Build 26100 (10.0.26100.3912)
Time: Fri Jun  6 13:50:56 2025 India Standard Time elapsed time: 21.156701 seconds (0d 0h 0m 21s)

---------------  T H R E A D  ---------------

Current thread (0x000002397c014dd0):  JavaThread "C2 CompilerThread0" daemon [_thread_in_native, id=28736, stack(0x0000008dbf000000,0x0000008dbf100000) (1024K)]


Current CompileTask:
C2:21156 1495       4       java.lang.StringLatin1::lastIndexOf (40 bytes)

Stack: [0x0000008dbf000000,0x0000008dbf100000]
Native frames: (J=compiled Java code, j=interpreted, Vv=VM code, C=native code)
V  [jvm.dll+0x7410c9]  (no source info available)
V  [jvm.dll+0x97def3]  (no source info available)
V  [jvm.dll+0x98021d]  (no source info available)
V  [jvm.dll+0x980893]  (no source info available)
V  [jvm.dll+0x2b5b16]  (no source info available)
V  [jvm.dll+0xd019f]  (no source info available)
V  [jvm.dll+0xd03ff]  (no source info available)
V  [jvm.dll+0x15b8bf]  (no source info available)
V  [jvm.dll+0x74698f]  (no source info available)
V  [jvm.dll+0x27a528]  (no source info available)
V  [jvm.dll+0x279641]  (no source info available)
V  [jvm.dll+0x1f313a]  (no source info available)
V  [jvm.dll+0x288e35]  (no source info available)
V  [jvm.dll+0x2870ca]  (no source info available)
V  [jvm.dll+0x43df56]  (no source info available)
V  [jvm.dll+0x920928]  (no source info available)
V  [jvm.dll+0x73f855]  (no source info available)
C  [ucrtbase.dll+0x37b0]  (no source info available)
C  [KERNEL32.DLL+0x2e8d7]  (no source info available)
C  [ntdll.dll+0x9c5dc]  (no source info available)

Lock stack of current Java thread (top to bottom):


---------------  P R O C E S S  ---------------

Threads class SMR info:
_java_thread_list=0x000002397c7b95b0, length=19, elements={
0x0000023936e16c50, 0x0000023936e193a0, 0x0000023936e1c8c0, 0x0000023936e1d760,
0x0000023936e1ab80, 0x0000023936e1c170, 0x000002397c014dd0, 0x000002397c03de60,
0x0000023936e1deb0, 0x0000023936e1b2d0, 0x0000023936e1ba20, 0x0000023936e1d010,
0x000002397c2a41d0, 0x000002397c2a6660, 0x000002397c2a6db0, 0x000002397c2a7c50,
0x000002397c2a3a80, 0x000002397c25e8b0, 0x000002397c25d200
}

Java Threads: ( => current thread )
  0x0000023936e16c50 JavaThread "Reference Handler"          daemon [_thread_blocked, id=29540, stack(0x0000008dbea00000,0x0000008dbeb00000) (1024K)]
  0x0000023936e193a0 JavaThread "Finalizer"                  daemon [_thread_blocked, id=26436, stack(0x0000008dbeb00000,0x0000008dbec00000) (1024K)]
  0x0000023936e1c8c0 JavaThread "Signal Dispatcher"          daemon [_thread_blocked, id=26864, stack(0x0000008dbec00000,0x0000008dbed00000) (1024K)]
  0x0000023936e1d760 JavaThread "Attach Listener"            daemon [_thread_blocked, id=24196, stack(0x0000008dbed00000,0x0000008dbee00000) (1024K)]
  0x0000023936e1ab80 JavaThread "Service Thread"             daemon [_thread_blocked, id=29096, stack(0x0000008dbee00000,0x0000008dbef00000) (1024K)]
  0x0000023936e1c170 JavaThread "Monitor Deflation Thread"   daemon [_thread_blocked, id=27440, stack(0x0000008dbef00000,0x0000008dbf000000) (1024K)]
=>0x000002397c014dd0 JavaThread "C2 CompilerThread0"         daemon [_thread_in_native, id=28736, stack(0x0000008dbf000000,0x0000008dbf100000) (1024K)]
  0x000002397c03de60 JavaThread "C1 CompilerThread0"         daemon [_thread_blocked, id=28724, stack(0x0000008dbf100000,0x0000008dbf200000) (1024K)]
  0x0000023936e1deb0 JavaThread "Common-Cleaner"             daemon [_thread_blocked, id=25516, stack(0x0000008dbf200000,0x0000008dbf300000) (1024K)]
  0x0000023936e1b2d0 JavaThread "Notification Thread"        daemon [_thread_blocked, id=13220, stack(0x0000008dbf300000,0x0000008dbf400000) (1024K)]
  0x0000023936e1ba20 JavaThread "Java2D Disposer"            daemon [_thread_blocked, id=26128, stack(0x0000008dbf500000,0x0000008dbf600000) (1024K)]
  0x0000023936e1d010 JavaThread "AWT-Shutdown"                      [_thread_blocked, id=30376, stack(0x0000008dbf600000,0x0000008dbf700000) (1024K)]
  0x000002397c2a41d0 JavaThread "AWT-Windows"                daemon [_thread_in_native, id=1088, stack(0x0000008dbf700000,0x0000008dbf800000) (1024K)]
  0x000002397c2a6660 JavaThread "AWT-EventQueue-0"                  [_thread_in_Java, id=23848, stack(0x0000008dbf800000,0x0000008dbf900000) (1024K)]
  0x000002397c2a6db0 JavaThread "DestroyJavaVM"                     [_thread_blocked, id=25036, stack(0x0000008dbe200000,0x0000008dbe300000) (1024K)]
  0x000002397c2a7c50 JavaThread "TimerQueue"                 daemon [_thread_blocked, id=16604, stack(0x0000008dbfc00000,0x0000008dbfd00000) (1024K)]
  0x000002397c2a3a80 JavaThread "mysql-cj-abandoned-connection-cleanup" daemon [_thread_blocked, id=15396, stack(0x0000008dbf400000,0x0000008dbf500000) (1024K)]
  0x000002397c25e8b0 JavaThread "C2 CompilerThread1"         daemon [_thread_blocked, id=24992, stack(0x0000008dbfd00000,0x0000008dbfe00000) (1024K)]
  0x000002397c25d200 JavaThread "C2 CompilerThread2"         daemon [_thread_blocked, id=18384, stack(0x0000008dbfe00000,0x0000008dbff00000) (1024K)]
Total: 19

Other Threads:
  0x0000023936e04d90 VMThread "VM Thread"                           [id=16800, stack(0x0000008dbe900000,0x0000008dbea00000) (1024K)]
  0x0000023936df5c50 WatcherThread "VM Periodic Task Thread"        [id=30548, stack(0x0000008dbe800000,0x0000008dbe900000) (1024K)]
  0x00000239177dfdf0 WorkerThread "GC Thread#0"                     [id=23500, stack(0x0000008dbe300000,0x0000008dbe400000) (1024K)]
  0x00000239177f5890 ConcurrentGCThread "G1 Main Marker"            [id=28324, stack(0x0000008dbe400000,0x0000008dbe500000) (1024K)]
  0x00000239177f6b40 WorkerThread "G1 Conc#0"                       [id=29620, stack(0x0000008dbe500000,0x0000008dbe600000) (1024K)]
  0x0000023936cb1fc0 ConcurrentGCThread "G1 Refine#0"               [id=26712, stack(0x0000008dbe600000,0x0000008dbe700000) (1024K)]
  0x0000023936cb6420 ConcurrentGCThread "G1 Service"                [id=25704, stack(0x0000008dbe700000,0x0000008dbe800000) (1024K)]
Total: 7

Threads with active compile tasks:
C2 CompilerThread0  22160 1495       4       java.lang.StringLatin1::lastIndexOf (40 bytes)
Total: 1

VM state: not at safepoint (normal execution)

VM Mutex/Monitor currently owned by a thread: None

Heap address: 0x0000000703a00000, size: 4038 MB, Compressed Oops mode: Zero based, Oop shift amount: 3

CDS archive(s) mapped at: [0x0000023937000000-0x0000023937d40000-0x0000023937d40000), size 13893632, SharedBaseAddress: 0x0000023937000000, ArchiveRelocationMode: 1.
Compressed class space mapped at: 0x0000023938000000-0x0000023978000000, reserved size: 1073741824
UseCompressedClassPointers 1, UseCompactObjectHeaders 0
Narrow klass pointer bits 32, Max shift 3
Narrow klass base: 0x0000023937000000, Narrow klass shift: 0
Encoding Range: [0x0000023937000000 - 0x0000023a37000000), (4294967296 bytes)
Klass Range:    [0x0000023937000000 - 0x0000023978000000), (1090519040 bytes)
Klass ID Range:  [8 - 1090519033) (1090519025)

GC Precious Log:
 CardTable entry size: 512
 Card Set container configuration: InlinePtr #cards 4 size 8 Array Of Cards #cards 16 size 48 Howl #buckets 8 coarsen threshold 3686 Howl Bitmap #cards 512 size 80 coarsen threshold 460 Card regions per heap region 1 cards per card region 4096
 CPUs: 8 total, 8 available
 Memory: 16151M
 Large Page Support: Disabled
 NUMA Support: Disabled
 Compressed Oops: Enabled (Zero based)
 Heap Region Size: 2M
 Heap Min Capacity: 8M
 Heap Initial Capacity: 254M
 Heap Max Capacity: 4038M
 Pre-touch: Disabled
 Parallel Workers: 8
 Concurrent Workers: 2
 Concurrent Refinement Workers: 8
 Periodic GC: Disabled

Heap:
 garbage-first heap   total reserved 4134912K, committed 262144K, used 48240K [0x0000000703a00000, 0x0000000800000000)
  region size 2048K, 15 young (30720K), 0 survivors (0K)
 Metaspace       used 9854K, committed 10112K, reserved 1114112K
  class space    used 854K, committed 960K, reserved 1048576K

Heap Regions: E=young(eden), S=young(survivor), O=old, HS=humongous(starts), HC=humongous(continues), CS=collection set, F=free, TAMS=top-at-mark-start, PB=parsable bottom
|   0|0x0000000703a00000, 0x0000000703c00000, 0x0000000703c00000|100%|HS|  |TAMS 0x0000000703a00000| PB 0x0000000703a00000| Complete |  0
|   1|0x0000000703c00000, 0x0000000703e00000, 0x0000000703e00000|100%|HC|  |TAMS 0x0000000703c00000| PB 0x0000000703c00000| Complete |  0
|   2|0x0000000703e00000, 0x0000000704000000, 0x0000000704000000|100%|HS|  |TAMS 0x0000000703e00000| PB 0x0000000703e00000| Complete |  0
|   3|0x0000000704000000, 0x0000000704200000, 0x0000000704200000|100%|HC|  |TAMS 0x0000000704000000| PB 0x0000000704000000| Complete |  0
|   4|0x0000000704200000, 0x0000000704400000, 0x0000000704400000|100%|HS|  |TAMS 0x0000000704200000| PB 0x0000000704200000| Complete |  0
|   5|0x0000000704400000, 0x0000000704600000, 0x0000000704600000|100%|HC|  |TAMS 0x0000000704400000| PB 0x0000000704400000| Complete |  0
|   6|0x0000000704600000, 0x0000000704800000, 0x0000000704800000|100%|HC|  |TAMS 0x0000000704600000| PB 0x0000000704600000| Complete |  0
|   7|0x0000000704800000, 0x0000000704a00000, 0x0000000704a00000|100%|HC|  |TAMS 0x0000000704800000| PB 0x0000000704800000| Complete |  0
|   8|0x0000000704a00000, 0x0000000704c00000, 0x0000000704c00000|100%|HS|  |TAMS 0x0000000704a00000| PB 0x0000000704a00000| Complete |  0
|   9|0x0000000704c00000, 0x0000000704c00000, 0x0000000704e00000|  0%| F|  |TAMS 0x0000000704c00000| PB 0x0000000704c00000| Untracked |  0
|  10|0x0000000704e00000, 0x0000000704e00000, 0x0000000705000000|  0%| F|  |TAMS 0x0000000704e00000| PB 0x0000000704e00000| Untracked |  0
|  11|0x0000000705000000, 0x0000000705000000, 0x0000000705200000|  0%| F|  |TAMS 0x0000000705000000| PB 0x0000000705000000| Untracked |  0
|  12|0x0000000705200000, 0x0000000705200000, 0x0000000705400000|  0%| F|  |TAMS 0x0000000705200000| PB 0x0000000705200000| Untracked |  0
|  13|0x0000000705400000, 0x0000000705400000, 0x0000000705600000|  0%| F|  |TAMS 0x0000000705400000| PB 0x0000000705400000| Untracked |  0
|  14|0x0000000705600000, 0x0000000705600000, 0x0000000705800000|  0%| F|  |TAMS 0x0000000705600000| PB 0x0000000705600000| Untracked |  0
|  15|0x0000000705800000, 0x0000000705800000, 0x0000000705a00000|  0%| F|  |TAMS 0x0000000705800000| PB 0x0000000705800000| Untracked |  0
|  16|0x0000000705a00000, 0x0000000705a00000, 0x0000000705c00000|  0%| F|  |TAMS 0x0000000705a00000| PB 0x0000000705a00000| Untracked |  0
|  17|0x0000000705c00000, 0x0000000705c00000, 0x0000000705e00000|  0%| F|  |TAMS 0x0000000705c00000| PB 0x0000000705c00000| Untracked |  0
|  18|0x0000000705e00000, 0x0000000705e00000, 0x0000000706000000|  0%| F|  |TAMS 0x0000000705e00000| PB 0x0000000705e00000| Untracked |  0
|  19|0x0000000706000000, 0x0000000706000000, 0x0000000706200000|  0%| F|  |TAMS 0x0000000706000000| PB 0x0000000706000000| Untracked |  0
|  20|0x0000000706200000, 0x0000000706200000, 0x0000000706400000|  0%| F|  |TAMS 0x0000000706200000| PB 0x0000000706200000| Untracked |  0
|  21|0x0000000706400000, 0x0000000706400000, 0x0000000706600000|  0%| F|  |TAMS 0x0000000706400000| PB 0x0000000706400000| Untracked |  0
|  22|0x0000000706600000, 0x0000000706600000, 0x0000000706800000|  0%| F|  |TAMS 0x0000000706600000| PB 0x0000000706600000| Untracked |  0
|  23|0x0000000706800000, 0x0000000706800000, 0x0000000706a00000|  0%| F|  |TAMS 0x0000000706800000| PB 0x0000000706800000| Untracked |  0
|  24|0x0000000706a00000, 0x0000000706a00000, 0x0000000706c00000|  0%| F|  |TAMS 0x0000000706a00000| PB 0x0000000706a00000| Untracked |  0
|  25|0x0000000706c00000, 0x0000000706c00000, 0x0000000706e00000|  0%| F|  |TAMS 0x0000000706c00000| PB 0x0000000706c00000| Untracked |  0
|  26|0x0000000706e00000, 0x0000000706e00000, 0x0000000707000000|  0%| F|  |TAMS 0x0000000706e00000| PB 0x0000000706e00000| Untracked |  0
|  27|0x0000000707000000, 0x0000000707000000, 0x0000000707200000|  0%| F|  |TAMS 0x0000000707000000| PB 0x0000000707000000| Untracked |  0
|  28|0x0000000707200000, 0x0000000707200000, 0x0000000707400000|  0%| F|  |TAMS 0x0000000707200000| PB 0x0000000707200000| Untracked |  0
|  29|0x0000000707400000, 0x0000000707400000, 0x0000000707600000|  0%| F|  |TAMS 0x0000000707400000| PB 0x0000000707400000| Untracked |  0
|  30|0x0000000707600000, 0x0000000707600000, 0x0000000707800000|  0%| F|  |TAMS 0x0000000707600000| PB 0x0000000707600000| Untracked |  0
|  31|0x0000000707800000, 0x0000000707800000, 0x0000000707a00000|  0%| F|  |TAMS 0x0000000707800000| PB 0x0000000707800000| Untracked |  0
|  32|0x0000000707a00000, 0x0000000707a00000, 0x0000000707c00000|  0%| F|  |TAMS 0x0000000707a00000| PB 0x0000000707a00000| Untracked |  0
|  33|0x0000000707c00000, 0x0000000707c00000, 0x0000000707e00000|  0%| F|  |TAMS 0x0000000707c00000| PB 0x0000000707c00000| Untracked |  0
|  34|0x0000000707e00000, 0x0000000707e00000, 0x0000000708000000|  0%| F|  |TAMS 0x0000000707e00000| PB 0x0000000707e00000| Untracked |  0
|  35|0x0000000708000000, 0x0000000708000000, 0x0000000708200000|  0%| F|  |TAMS 0x0000000708000000| PB 0x0000000708000000| Untracked |  0
|  36|0x0000000708200000, 0x0000000708200000, 0x0000000708400000|  0%| F|  |TAMS 0x0000000708200000| PB 0x0000000708200000| Untracked |  0
|  37|0x0000000708400000, 0x0000000708400000, 0x0000000708600000|  0%| F|  |TAMS 0x0000000708400000| PB 0x0000000708400000| Untracked |  0
|  38|0x0000000708600000, 0x0000000708600000, 0x0000000708800000|  0%| F|  |TAMS 0x0000000708600000| PB 0x0000000708600000| Untracked |  0
|  39|0x0000000708800000, 0x0000000708800000, 0x0000000708a00000|  0%| F|  |TAMS 0x0000000708800000| PB 0x0000000708800000| Untracked |  0
|  40|0x0000000708a00000, 0x0000000708a00000, 0x0000000708c00000|  0%| F|  |TAMS 0x0000000708a00000| PB 0x0000000708a00000| Untracked |  0
|  41|0x0000000708c00000, 0x0000000708c00000, 0x0000000708e00000|  0%| F|  |TAMS 0x0000000708c00000| PB 0x0000000708c00000| Untracked |  0
|  42|0x0000000708e00000, 0x0000000708e00000, 0x0000000709000000|  0%| F|  |TAMS 0x0000000708e00000| PB 0x0000000708e00000| Untracked |  0
|  43|0x0000000709000000, 0x0000000709000000, 0x0000000709200000|  0%| F|  |TAMS 0x0000000709000000| PB 0x0000000709000000| Untracked |  0
|  44|0x0000000709200000, 0x0000000709200000, 0x0000000709400000|  0%| F|  |TAMS 0x0000000709200000| PB 0x0000000709200000| Untracked |  0
|  45|0x0000000709400000, 0x0000000709400000, 0x0000000709600000|  0%| F|  |TAMS 0x0000000709400000| PB 0x0000000709400000| Untracked |  0
|  46|0x0000000709600000, 0x0000000709600000, 0x0000000709800000|  0%| F|  |TAMS 0x0000000709600000| PB 0x0000000709600000| Untracked |  0
|  47|0x0000000709800000, 0x0000000709800000, 0x0000000709a00000|  0%| F|  |TAMS 0x0000000709800000| PB 0x0000000709800000| Untracked |  0
|  48|0x0000000709a00000, 0x0000000709a00000, 0x0000000709c00000|  0%| F|  |TAMS 0x0000000709a00000| PB 0x0000000709a00000| Untracked |  0
|  49|0x0000000709c00000, 0x0000000709c00000, 0x0000000709e00000|  0%| F|  |TAMS 0x0000000709c00000| PB 0x0000000709c00000| Untracked |  0
|  50|0x0000000709e00000, 0x0000000709e00000, 0x000000070a000000|  0%| F|  |TAMS 0x0000000709e00000| PB 0x0000000709e00000| Untracked |  0
|  51|0x000000070a000000, 0x000000070a000000, 0x000000070a200000|  0%| F|  |TAMS 0x000000070a000000| PB 0x000000070a000000| Untracked |  0
|  52|0x000000070a200000, 0x000000070a200000, 0x000000070a400000|  0%| F|  |TAMS 0x000000070a200000| PB 0x000000070a200000| Untracked |  0
|  53|0x000000070a400000, 0x000000070a400000, 0x000000070a600000|  0%| F|  |TAMS 0x000000070a400000| PB 0x000000070a400000| Untracked |  0
|  54|0x000000070a600000, 0x000000070a600000, 0x000000070a800000|  0%| F|  |TAMS 0x000000070a600000| PB 0x000000070a600000| Untracked |  0
|  55|0x000000070a800000, 0x000000070a800000, 0x000000070aa00000|  0%| F|  |TAMS 0x000000070a800000| PB 0x000000070a800000| Untracked |  0
|  56|0x000000070aa00000, 0x000000070aa00000, 0x000000070ac00000|  0%| F|  |TAMS 0x000000070aa00000| PB 0x000000070aa00000| Untracked |  0
|  57|0x000000070ac00000, 0x000000070ac00000, 0x000000070ae00000|  0%| F|  |TAMS 0x000000070ac00000| PB 0x000000070ac00000| Untracked |  0
|  58|0x000000070ae00000, 0x000000070ae00000, 0x000000070b000000|  0%| F|  |TAMS 0x000000070ae00000| PB 0x000000070ae00000| Untracked |  0
|  59|0x000000070b000000, 0x000000070b000000, 0x000000070b200000|  0%| F|  |TAMS 0x000000070b000000| PB 0x000000070b000000| Untracked |  0
|  60|0x000000070b200000, 0x000000070b200000, 0x000000070b400000|  0%| F|  |TAMS 0x000000070b200000| PB 0x000000070b200000| Untracked |  0
|  61|0x000000070b400000, 0x000000070b400000, 0x000000070b600000|  0%| F|  |TAMS 0x000000070b400000| PB 0x000000070b400000| Untracked |  0
|  62|0x000000070b600000, 0x000000070b600000, 0x000000070b800000|  0%| F|  |TAMS 0x000000070b600000| PB 0x000000070b600000| Untracked |  0
|  63|0x000000070b800000, 0x000000070b800000, 0x000000070ba00000|  0%| F|  |TAMS 0x000000070b800000| PB 0x000000070b800000| Untracked |  0
|  64|0x000000070ba00000, 0x000000070ba00000, 0x000000070bc00000|  0%| F|  |TAMS 0x000000070ba00000| PB 0x000000070ba00000| Untracked |  0
|  65|0x000000070bc00000, 0x000000070bc00000, 0x000000070be00000|  0%| F|  |TAMS 0x000000070bc00000| PB 0x000000070bc00000| Untracked |  0
|  66|0x000000070be00000, 0x000000070be00000, 0x000000070c000000|  0%| F|  |TAMS 0x000000070be00000| PB 0x000000070be00000| Untracked |  0
|  67|0x000000070c000000, 0x000000070c000000, 0x000000070c200000|  0%| F|  |TAMS 0x000000070c000000| PB 0x000000070c000000| Untracked |  0
|  68|0x000000070c200000, 0x000000070c200000, 0x000000070c400000|  0%| F|  |TAMS 0x000000070c200000| PB 0x000000070c200000| Untracked |  0
|  69|0x000000070c400000, 0x000000070c400000, 0x000000070c600000|  0%| F|  |TAMS 0x000000070c400000| PB 0x000000070c400000| Untracked |  0
|  70|0x000000070c600000, 0x000000070c600000, 0x000000070c800000|  0%| F|  |TAMS 0x000000070c600000| PB 0x000000070c600000| Untracked |  0
|  71|0x000000070c800000, 0x000000070c800000, 0x000000070ca00000|  0%| F|  |TAMS 0x000000070c800000| PB 0x000000070c800000| Untracked |  0
|  72|0x000000070ca00000, 0x000000070ca00000, 0x000000070cc00000|  0%| F|  |TAMS 0x000000070ca00000| PB 0x000000070ca00000| Untracked |  0
|  73|0x000000070cc00000, 0x000000070cc00000, 0x000000070ce00000|  0%| F|  |TAMS 0x000000070cc00000| PB 0x000000070cc00000| Untracked |  0
|  74|0x000000070ce00000, 0x000000070ce00000, 0x000000070d000000|  0%| F|  |TAMS 0x000000070ce00000| PB 0x000000070ce00000| Untracked |  0
|  75|0x000000070d000000, 0x000000070d000000, 0x000000070d200000|  0%| F|  |TAMS 0x000000070d000000| PB 0x000000070d000000| Untracked |  0
|  76|0x000000070d200000, 0x000000070d200000, 0x000000070d400000|  0%| F|  |TAMS 0x000000070d200000| PB 0x000000070d200000| Untracked |  0
|  77|0x000000070d400000, 0x000000070d400000, 0x000000070d600000|  0%| F|  |TAMS 0x000000070d400000| PB 0x000000070d400000| Untracked |  0
|  78|0x000000070d600000, 0x000000070d600000, 0x000000070d800000|  0%| F|  |TAMS 0x000000070d600000| PB 0x000000070d600000| Untracked |  0
|  79|0x000000070d800000, 0x000000070d800000, 0x000000070da00000|  0%| F|  |TAMS 0x000000070d800000| PB 0x000000070d800000| Untracked |  0
|  80|0x000000070da00000, 0x000000070da00000, 0x000000070dc00000|  0%| F|  |TAMS 0x000000070da00000| PB 0x000000070da00000| Untracked |  0
|  81|0x000000070dc00000, 0x000000070dc00000, 0x000000070de00000|  0%| F|  |TAMS 0x000000070dc00000| PB 0x000000070dc00000| Untracked |  0
|  82|0x000000070de00000, 0x000000070de00000, 0x000000070e000000|  0%| F|  |TAMS 0x000000070de00000| PB 0x000000070de00000| Untracked |  0
|  83|0x000000070e000000, 0x000000070e000000, 0x000000070e200000|  0%| F|  |TAMS 0x000000070e000000| PB 0x000000070e000000| Untracked |  0
|  84|0x000000070e200000, 0x000000070e200000, 0x000000070e400000|  0%| F|  |TAMS 0x000000070e200000| PB 0x000000070e200000| Untracked |  0
|  85|0x000000070e400000, 0x000000070e400000, 0x000000070e600000|  0%| F|  |TAMS 0x000000070e400000| PB 0x000000070e400000| Untracked |  0
|  86|0x000000070e600000, 0x000000070e600000, 0x000000070e800000|  0%| F|  |TAMS 0x000000070e600000| PB 0x000000070e600000| Untracked |  0
|  87|0x000000070e800000, 0x000000070e800000, 0x000000070ea00000|  0%| F|  |TAMS 0x000000070e800000| PB 0x000000070e800000| Untracked |  0
|  88|0x000000070ea00000, 0x000000070ea00000, 0x000000070ec00000|  0%| F|  |TAMS 0x000000070ea00000| PB 0x000000070ea00000| Untracked |  0
|  89|0x000000070ec00000, 0x000000070ec00000, 0x000000070ee00000|  0%| F|  |TAMS 0x000000070ec00000| PB 0x000000070ec00000| Untracked |  0
|  90|0x000000070ee00000, 0x000000070ee00000, 0x000000070f000000|  0%| F|  |TAMS 0x000000070ee00000| PB 0x000000070ee00000| Untracked |  0
|  91|0x000000070f000000, 0x000000070f000000, 0x000000070f200000|  0%| F|  |TAMS 0x000000070f000000| PB 0x000000070f000000| Untracked |  0
|  92|0x000000070f200000, 0x000000070f200000, 0x000000070f400000|  0%| F|  |TAMS 0x000000070f200000| PB 0x000000070f200000| Untracked |  0
|  93|0x000000070f400000, 0x000000070f400000, 0x000000070f600000|  0%| F|  |TAMS 0x000000070f400000| PB 0x000000070f400000| Untracked |  0
|  94|0x000000070f600000, 0x000000070f600000, 0x000000070f800000|  0%| F|  |TAMS 0x000000070f600000| PB 0x000000070f600000| Untracked |  0
|  95|0x000000070f800000, 0x000000070f800000, 0x000000070fa00000|  0%| F|  |TAMS 0x000000070f800000| PB 0x000000070f800000| Untracked |  0
|  96|0x000000070fa00000, 0x000000070fa00000, 0x000000070fc00000|  0%| F|  |TAMS 0x000000070fa00000| PB 0x000000070fa00000| Untracked |  0
|  97|0x000000070fc00000, 0x000000070fc00000, 0x000000070fe00000|  0%| F|  |TAMS 0x000000070fc00000| PB 0x000000070fc00000| Untracked |  0
|  98|0x000000070fe00000, 0x000000070fe00000, 0x0000000710000000|  0%| F|  |TAMS 0x000000070fe00000| PB 0x000000070fe00000| Untracked |  0
|  99|0x0000000710000000, 0x0000000710000000, 0x0000000710200000|  0%| F|  |TAMS 0x0000000710000000| PB 0x0000000710000000| Untracked |  0
| 100|0x0000000710200000, 0x0000000710200000, 0x0000000710400000|  0%| F|  |TAMS 0x0000000710200000| PB 0x0000000710200000| Untracked |  0
| 101|0x0000000710400000, 0x0000000710400000, 0x0000000710600000|  0%| F|  |TAMS 0x0000000710400000| PB 0x0000000710400000| Untracked |  0
| 102|0x0000000710600000, 0x0000000710600000, 0x0000000710800000|  0%| F|  |TAMS 0x0000000710600000| PB 0x0000000710600000| Untracked |  0
| 103|0x0000000710800000, 0x0000000710800000, 0x0000000710a00000|  0%| F|  |TAMS 0x0000000710800000| PB 0x0000000710800000| Untracked |  0
| 104|0x0000000710a00000, 0x0000000710a00000, 0x0000000710c00000|  0%| F|  |TAMS 0x0000000710a00000| PB 0x0000000710a00000| Untracked |  0
| 105|0x0000000710c00000, 0x0000000710c00000, 0x0000000710e00000|  0%| F|  |TAMS 0x0000000710c00000| PB 0x0000000710c00000| Untracked |  0
| 106|0x0000000710e00000, 0x0000000710e00000, 0x0000000711000000|  0%| F|  |TAMS 0x0000000710e00000| PB 0x0000000710e00000| Untracked |  0
| 107|0x0000000711000000, 0x0000000711000000, 0x0000000711200000|  0%| F|  |TAMS 0x0000000711000000| PB 0x0000000711000000| Untracked |  0
| 108|0x0000000711200000, 0x0000000711200000, 0x0000000711400000|  0%| F|  |TAMS 0x0000000711200000| PB 0x0000000711200000| Untracked |  0
| 109|0x0000000711400000, 0x0000000711400000, 0x0000000711600000|  0%| F|  |TAMS 0x0000000711400000| PB 0x0000000711400000| Untracked |  0
| 110|0x0000000711600000, 0x0000000711600000, 0x0000000711800000|  0%| F|  |TAMS 0x0000000711600000| PB 0x0000000711600000| Untracked |  0
| 111|0x0000000711800000, 0x0000000711800000, 0x0000000711a00000|  0%| F|  |TAMS 0x0000000711800000| PB 0x0000000711800000| Untracked |  0
| 112|0x0000000711a00000, 0x0000000711bf9848, 0x0000000711c00000| 98%| E|  |TAMS 0x0000000711a00000| PB 0x0000000711a00000| Complete |  0
| 113|0x0000000711c00000, 0x0000000711e00000, 0x0000000711e00000|100%| E|CS|TAMS 0x0000000711c00000| PB 0x0000000711c00000| Complete |  0
| 114|0x0000000711e00000, 0x0000000712000000, 0x0000000712000000|100%| E|CS|TAMS 0x0000000711e00000| PB 0x0000000711e00000| Complete |  0
| 115|0x0000000712000000, 0x0000000712200000, 0x0000000712200000|100%| E|CS|TAMS 0x0000000712000000| PB 0x0000000712000000| Complete |  0
| 116|0x0000000712200000, 0x0000000712400000, 0x0000000712400000|100%| E|CS|TAMS 0x0000000712200000| PB 0x0000000712200000| Complete |  0
| 117|0x0000000712400000, 0x0000000712600000, 0x0000000712600000|100%| E|CS|TAMS 0x0000000712400000| PB 0x0000000712400000| Complete |  0
| 118|0x0000000712600000, 0x0000000712800000, 0x0000000712800000|100%| E|CS|TAMS 0x0000000712600000| PB 0x0000000712600000| Complete |  0
| 119|0x0000000712800000, 0x0000000712a00000, 0x0000000712a00000|100%| E|CS|TAMS 0x0000000712800000| PB 0x0000000712800000| Complete |  0
| 120|0x0000000712a00000, 0x0000000712c00000, 0x0000000712c00000|100%| E|CS|TAMS 0x0000000712a00000| PB 0x0000000712a00000| Complete |  0
| 121|0x0000000712c00000, 0x0000000712e00000, 0x0000000712e00000|100%| E|CS|TAMS 0x0000000712c00000| PB 0x0000000712c00000| Complete |  0
| 122|0x0000000712e00000, 0x0000000713000000, 0x0000000713000000|100%| E|CS|TAMS 0x0000000712e00000| PB 0x0000000712e00000| Complete |  0
| 123|0x0000000713000000, 0x0000000713200000, 0x0000000713200000|100%| E|CS|TAMS 0x0000000713000000| PB 0x0000000713000000| Complete |  0
| 124|0x0000000713200000, 0x0000000713400000, 0x0000000713400000|100%| E|CS|TAMS 0x0000000713200000| PB 0x0000000713200000| Complete |  0
| 125|0x0000000713400000, 0x0000000713600000, 0x0000000713600000|100%| E|CS|TAMS 0x0000000713400000| PB 0x0000000713400000| Complete |  0
| 126|0x0000000713600000, 0x0000000713800000, 0x0000000713800000|100%| E|CS|TAMS 0x0000000713600000| PB 0x0000000713600000| Complete |  0
|2018|0x00000007ffe00000, 0x00000007fff1c2f8, 0x0000000800000000| 55%| O|  |TAMS 0x00000007ffe00000| PB 0x00000007ffe00000| Untracked |  0

Card table byte_map: [0x000002392fda0000,0x0000023930590000] _byte_map_base: 0x000002392c583000

Marking Bits: (CMBitMap*) 0x00000239177e0500
 Bits: [0x0000023930590000, 0x00000239344a8000)

Polling page: 0x0000023916ef0000

Metaspace:

Usage:
  Non-class:      8.86 MB used.
      Class:    854.24 KB used.
       Both:      9.70 MB used.

Virtual space:
  Non-class space:       64.00 MB reserved,       9.00 MB ( 14%) committed,  1 nodes.
      Class space:        1.00 GB reserved,     960.00 KB ( <1%) committed,  1 nodes.
             Both:        1.06 GB reserved,       9.94 MB ( <1%) committed. 

Chunk freelists:
   Non-Class:  6.55 MB
       Class:  15.04 MB
        Both:  21.59 MB

MaxMetaspaceSize: unlimited
CompressedClassSpaceSize: 1.00 GB
Initial GC threshold: 21.00 MB
Current GC threshold: 21.00 MB
CDS: on
 - commit_granule_bytes: 65536.
 - commit_granule_words: 8192.
 - virtual_space_node_default_size: 8388608.
 - enlarge_chunks_in_place: 1.
UseCompressedClassPointers 1, UseCompactObjectHeaders 0
Narrow klass pointer bits 32, Max shift 3
Narrow klass base: 0x0000023937000000, Narrow klass shift: 0
Encoding Range: [0x0000023937000000 - 0x0000023a37000000), (4294967296 bytes)
Klass Range:    [0x0000023937000000 - 0x0000023978000000), (1090519040 bytes)
Klass ID Range:  [8 - 1090519033) (1090519025)


Internal statistics:

num_allocs_failed_limit: 0.
num_arena_births: 122.
num_arena_deaths: 0.
num_vsnodes_births: 2.
num_vsnodes_deaths: 0.
num_space_committed: 159.
num_space_uncommitted: 0.
num_chunks_returned_to_freelist: 0.
num_chunks_taken_from_freelist: 183.
num_chunk_merges: 0.
num_chunk_splits: 110.
num_chunks_enlarged: 67.
num_inconsistent_stats: 0.

CodeHeap 'non-profiled nmethods': size=120064Kb used=433Kb max_used=433Kb free=119631Kb
 bounds [0x0000023927d40000, 0x0000023927fb0000, 0x000002392f280000]
CodeHeap 'profiled nmethods': size=120000Kb used=2243Kb max_used=2243Kb free=117756Kb
 bounds [0x0000023920280000, 0x00000239204f0000, 0x00000239277b0000]
CodeHeap 'non-nmethods': size=5696Kb used=1686Kb max_used=1729Kb free=4010Kb
 bounds [0x00000239277b0000, 0x0000023927a20000, 0x0000023927d40000]
CodeCache: size=245760Kb, used=4362Kb, max_used=4405Kb, free=241397Kb
 total_blobs=2245, nmethods=1558, adapters=592, full_count=0
Compilation: enabled, stopped_count=0, restarted_count=0

Compilation events (20 events):
Event: 18.139 Thread 0x000002397c03de60 nmethod 1497 0x00000239204a0388 code [0x00000239204a04a0, 0x00000239204a05e0]
Event: 18.144 Thread 0x000002397c03de60 1499       1       jdk.internal.loader.BuiltinClassLoader$LoadedModule::loader (5 bytes)
Event: 18.144 Thread 0x000002397c03de60 nmethod 1499 0x0000023927da4688 code [0x0000023927da4780, 0x0000023927da4848]
Event: 19.146 Thread 0x000002397c014dd0 nmethod 1494 0x0000023927da4c88 code [0x0000023927da4de0, 0x0000023927da5238]
Event: 19.146 Thread 0x000002397c014dd0 1495       4       java.lang.StringLatin1::lastIndexOf (40 bytes)
Event: 19.147 Thread 0x000002397c03de60 1501       3       jdk.internal.classfile.impl.DirectClassBuilder::withMethod (29 bytes)
Event: 19.148 Thread 0x000002397c03de60 nmethod 1501 0x00000239204a0688 code [0x00000239204a07e0, 0x00000239204a0c48]
Event: 19.148 Thread 0x000002397c03de60 1502       3       jdk.internal.classfile.impl.DirectMethodBuilder::<init> (42 bytes)
Event: 19.149 Thread 0x000002397c03de60 nmethod 1502 0x00000239204a0c88 code [0x00000239204a0e20, 0x00000239204a18f8]
Event: 19.149 Thread 0x000002397c03de60 1503       3       jdk.internal.classfile.impl.DirectMethodBuilder::run (9 bytes)
Event: 19.150 Thread 0x000002397c03de60 nmethod 1503 0x00000239204a1988 code [0x00000239204a1aa0, 0x00000239204a1c88]
Event: 19.150 Thread 0x000002397c03de60 1504       3       jdk.internal.classfile.impl.DirectMethodBuilder::withCode (7 bytes)
Event: 19.150 Thread 0x000002397c03de60 nmethod 1504 0x00000239204a1d08 code [0x00000239204a1e20, 0x00000239204a1f60]
Event: 19.150 Thread 0x000002397c03de60 1508       3       jdk.internal.jimage.BasicImageReader::verifyLocation (39 bytes)
Event: 19.151 Thread 0x000002397c03de60 nmethod 1508 0x00000239204a2008 code [0x00000239204a2160, 0x00000239204a2440]
Event: 19.151 Thread 0x000002397c03de60 1505       3       jdk.internal.classfile.impl.DirectMethodBuilder::withCode (22 bytes)
Event: 19.152 Thread 0x000002397c03de60 nmethod 1505 0x00000239204a2488 code [0x00000239204a25e0, 0x00000239204a28f0]
Event: 19.152 Thread 0x000002397c03de60 1506       3       jdk.internal.classfile.impl.BufWriterImpl::<init> (11 bytes)
Event: 19.152 Thread 0x000002397c03de60 nmethod 1506 0x00000239204a2988 code [0x00000239204a2aa0, 0x00000239204a2be8]
Event: 19.155 Thread 0x000002397c03de60 1509       3       java.util.Properties$LineReader::readLine (584 bytes)

GC Heap History (0 events):
No events

Dll operation events (10 events):
Event: 0.010 Loaded shared library C:\Program Files\Apache NetBeans\jdk\bin\java.dll
Event: 0.040 Loaded shared library C:\Program Files\Apache NetBeans\jdk\bin\jsvml.dll
Event: 0.078 Loaded shared library C:\Program Files\Apache NetBeans\jdk\bin\net.dll
Event: 0.080 Loaded shared library C:\Program Files\Apache NetBeans\jdk\bin\nio.dll
Event: 0.109 Loaded shared library C:\Program Files\Apache NetBeans\jdk\bin\zip.dll
Event: 0.125 Loaded shared library C:\Program Files\Apache NetBeans\jdk\bin\jimage.dll
Event: 0.135 Loaded shared library C:\Program Files\Apache NetBeans\jdk\bin\awt.dll
Event: 0.369 Loaded shared library C:\Program Files\Apache NetBeans\jdk\bin\javajpeg.dll
Event: 0.465 Loaded shared library C:\Program Files\Apache NetBeans\jdk\bin\freetype.dll
Event: 0.466 Loaded shared library C:\Program Files\Apache NetBeans\jdk\bin\fontmanager.dll

Deoptimization events (20 events):
Event: 10.074 Thread 0x000002397c2a6660 Uncommon trap: trap_request=0xffffffde fr.pc=0x0000023927d52a5c relative=0x00000000000001dc
Event: 10.074 Thread 0x000002397c2a6660 Uncommon trap: reason=class_check action=maybe_recompile pc=0x0000023927d52a5c method=java.lang.String.equals(Ljava/lang/Object;)Z @ 8 c2
Event: 10.074 Thread 0x000002397c2a6660 DEOPT PACKING pc=0x0000023927d52a5c sp=0x0000008dbf8fe030
Event: 10.074 Thread 0x000002397c2a6660 DEOPT UNPACKING pc=0x00000239278d5d82 sp=0x0000008dbf8fdfc8 mode 2
Event: 18.108 Thread 0x000002397c2a6660 Uncommon trap: trap_request=0xffffffde fr.pc=0x0000023927d6fc44 relative=0x00000000000002e4
Event: 18.108 Thread 0x000002397c2a6660 Uncommon trap: reason=class_check action=maybe_recompile pc=0x0000023927d6fc44 method=java.util.regex.Pattern$BmpCharPropertyGreedy.match(Ljava/util/regex/Matcher;ILjava/lang/CharSequence;)Z @ 26 c2
Event: 18.108 Thread 0x000002397c2a6660 DEOPT PACKING pc=0x0000023927d6fc44 sp=0x0000008dbf8fe000
Event: 18.108 Thread 0x000002397c2a6660 DEOPT UNPACKING pc=0x00000239278d5d82 sp=0x0000008dbf8fdfb8 mode 2
Event: 18.134 Thread 0x000002397c2a6660 Uncommon trap: trap_request=0xffffffde fr.pc=0x0000023927d6fc44 relative=0x00000000000002e4
Event: 18.134 Thread 0x000002397c2a6660 Uncommon trap: reason=class_check action=maybe_recompile pc=0x0000023927d6fc44 method=java.util.regex.Pattern$BmpCharPropertyGreedy.match(Ljava/util/regex/Matcher;ILjava/lang/CharSequence;)Z @ 26 c2
Event: 18.134 Thread 0x000002397c2a6660 DEOPT PACKING pc=0x0000023927d6fc44 sp=0x0000008dbf8fdf10
Event: 18.134 Thread 0x000002397c2a6660 DEOPT UNPACKING pc=0x00000239278d5d82 sp=0x0000008dbf8fdec8 mode 2
Event: 18.134 Thread 0x000002397c2a6660 Uncommon trap: trap_request=0xffffffde fr.pc=0x0000023927d6fc44 relative=0x00000000000002e4
Event: 18.134 Thread 0x000002397c2a6660 Uncommon trap: reason=class_check action=maybe_recompile pc=0x0000023927d6fc44 method=java.util.regex.Pattern$BmpCharPropertyGreedy.match(Ljava/util/regex/Matcher;ILjava/lang/CharSequence;)Z @ 26 c2
Event: 18.134 Thread 0x000002397c2a6660 DEOPT PACKING pc=0x0000023927d6fc44 sp=0x0000008dbf8fdf00
Event: 18.134 Thread 0x000002397c2a6660 DEOPT UNPACKING pc=0x00000239278d5d82 sp=0x0000008dbf8fdeb8 mode 2
Event: 18.134 Thread 0x000002397c2a6660 Uncommon trap: trap_request=0xffffffde fr.pc=0x0000023927d6fc44 relative=0x00000000000002e4
Event: 18.134 Thread 0x000002397c2a6660 Uncommon trap: reason=class_check action=maybe_recompile pc=0x0000023927d6fc44 method=java.util.regex.Pattern$BmpCharPropertyGreedy.match(Ljava/util/regex/Matcher;ILjava/lang/CharSequence;)Z @ 26 c2
Event: 18.134 Thread 0x000002397c2a6660 DEOPT PACKING pc=0x0000023927d6fc44 sp=0x0000008dbf8fdde0
Event: 18.134 Thread 0x000002397c2a6660 DEOPT UNPACKING pc=0x00000239278d5d82 sp=0x0000008dbf8fdd98 mode 2

Classes loaded (20 events):
Event: 18.115 Loading class java/net/URLDecoder done
Event: 18.142 Loading class java/io/StringWriter
Event: 18.142 Loading class java/io/StringWriter done
Event: 18.142 Loading class java/lang/reflect/InvocationTargetException
Event: 18.142 Loading class java/lang/reflect/InvocationTargetException done
Event: 18.144 Loading class java/util/MissingResourceException
Event: 18.144 Loading class java/util/MissingResourceException done
Event: 18.144 Loading class java/util/ResourceBundle$ResourceBundleControlProviderHolder
Event: 18.144 Loading class java/util/ResourceBundle$ResourceBundleControlProviderHolder done
Event: 18.144 Loading class java/util/spi/ResourceBundleControlProvider
Event: 18.145 Loading class java/util/spi/ResourceBundleControlProvider done
Event: 18.145 Loading class java/util/ServiceLoader$ProviderSpliterator
Event: 18.145 Loading class java/util/ServiceLoader$ProviderSpliterator done
Event: 19.152 Loading class java/util/PropertyResourceBundle
Event: 19.152 Loading class java/util/PropertyResourceBundle done
Event: 19.152 Loading class sun/util/PropertyResourceBundleCharset
Event: 19.152 Loading class sun/util/PropertyResourceBundleCharset done
Event: 19.152 Loading class sun/util/PropertyResourceBundleCharset$PropertiesFileDecoder
Event: 19.152 Loading class sun/util/PropertyResourceBundleCharset$PropertiesFileDecoder done
Event: 19.181 Loading class java/text/MessageFormat

Classes unloaded (0 events):
No events

Classes redefined (0 events):
No events

Internal exceptions (20 events):
Event: 0.216 Thread 0x000002397c2a6660 Exception <a 'java/lang/NoSuchMethodError'{0x0000000713150ae0}: 'java.lang.Object java.lang.invoke.DirectMethodHandle$Holder.invokeStaticInit(java.lang.Object, long)'> (0x0000000713150ae0) 
thrown [s\src\hotspot\share\interpreter\linkResolver.cpp, line 805]
Event: 0.235 Thread 0x000002397c2a6660 Exception <a 'java/lang/NoSuchMethodError'{0x0000000713180f18}: 'void java.lang.invoke.DirectMethodHandle$Holder.invokeSpecial(java.lang.Object, java.lang.Object, java.lang.Object)'> (0x0000000713180f18) 
thrown [s\src\hotspot\share\interpreter\linkResolver.cpp, line 805]
Event: 0.243 Thread 0x000002397c2a6660 Exception <a 'java/lang/NoSuchMethodError'{0x00000007131f0960}: 'java.lang.Object java.lang.invoke.DirectMethodHandle$Holder.newInvokeSpecial(java.lang.Object, java.lang.Object, java.lang.Object, java.lang.Object, java.lang.Object)'> (0x00000007131f0960) 
thrown [s\src\hotspot\share\interpreter\linkResolver.cpp, line 805]
Event: 0.249 Thread 0x000002397c2a6660 Exception <a 'java/lang/NoSuchMethodError'{0x0000000712e58d00}: 'java.lang.Object java.lang.invoke.DirectMethodHandle$Holder.invokeStatic(java.lang.Object, int, java.lang.Object)'> (0x0000000712e58d00) 
thrown [s\src\hotspot\share\interpreter\linkResolver.cpp, line 805]
Event: 0.281 Thread 0x000002397c2a6660 Exception <a 'java/lang/ClassNotFoundException'{0x0000000712c875d0}: com/sun/swing/internal/plaf/metal/resources/spi/metalProvider> (0x0000000712c875d0) 
thrown [s\src\hotspot\share\classfile\systemDictionary.cpp, line 327]
Event: 0.282 Thread 0x000002397c2a6660 Exception <a 'java/lang/ClassNotFoundException'{0x0000000712c8b2e0}: com/sun/swing/internal/plaf/basic/resources/spi/basicProvider> (0x0000000712c8b2e0) 
thrown [s\src\hotspot\share\classfile\systemDictionary.cpp, line 327]
Event: 0.295 Thread 0x000002397c2a6660 Exception <a 'java/lang/NoSuchMethodError'{0x0000000712cb90e8}: 'int java.lang.invoke.Invokers$Holder.invokeExact_MT(java.lang.Object, java.lang.Object)'> (0x0000000712cb90e8) 
thrown [s\src\hotspot\share\interpreter\linkResolver.cpp, line 805]
Event: 0.444 Thread 0x000002397c2a41d0 Exception <a 'java/lang/NoSuchMethodError'{0x0000000713306b98}: 'void java.lang.invoke.DirectMethodHandle$Holder.invokeVirtual(java.lang.Object, java.lang.Object)'> (0x0000000713306b98) 
thrown [s\src\hotspot\share\interpreter\linkResolver.cpp, line 805]
Event: 0.460 Thread 0x000002397c2a6660 Exception <a 'java/lang/NoSuchMethodError'{0x0000000712cee858}: 'void java.lang.invoke.DirectMethodHandle$Holder.invokeStaticInit(java.lang.Object)'> (0x0000000712cee858) 
thrown [s\src\hotspot\share\interpreter\linkResolver.cpp, line 805]
Event: 0.474 Thread 0x000002397c2a6660 Exception <a 'java/lang/NoSuchMethodError'{0x0000000712524448}: 'long java.lang.invoke.DirectMethodHandle$Holder.invokeStaticInit(java.lang.Object, long, long, long, long)'> (0x0000000712524448) 
thrown [s\src\hotspot\share\interpreter\linkResolver.cpp, line 805]
Event: 0.474 Thread 0x000002397c2a6660 Exception <a 'java/lang/NoSuchMethodError'{0x000000071252ce50}: 'java.lang.Object java.lang.invoke.DirectMethodHandle$Holder.invokeInterface(java.lang.Object, java.lang.Object, long, long)'> (0x000000071252ce50) 
thrown [s\src\hotspot\share\interpreter\linkResolver.cpp, line 805]
Event: 0.475 Thread 0x000002397c2a6660 Exception <a 'java/lang/NoSuchMethodError'{0x0000000712545728}: 'void java.lang.invoke.DirectMethodHandle$Holder.invokeStaticInit(java.lang.Object, java.lang.Object, long, java.lang.Object)'> (0x0000000712545728) 
thrown [s\src\hotspot\share\interpreter\linkResolver.cpp, line 805]
Event: 0.476 Thread 0x000002397c2a6660 Exception <a 'java/lang/NoSuchMethodError'{0x000000071254e310}: 'long java.lang.invoke.DirectMethodHandle$Holder.invokeStatic(java.lang.Object, long, long)'> (0x000000071254e310) 
thrown [s\src\hotspot\share\interpreter\linkResolver.cpp, line 805]
Event: 0.479 Thread 0x000002397c2a6660 Exception <a 'java/lang/NoSuchMethodError'{0x0000000712577208}: 'java.lang.Object java.lang.invoke.DirectMethodHandle$Holder.newInvokeSpecial(java.lang.Object, int, java.lang.Object)'> (0x0000000712577208) 
thrown [s\src\hotspot\share\interpreter\linkResolver.cpp, line 805]
Event: 0.580 Thread 0x000002397c2a6660 Exception <a 'java/lang/NoSuchMethodError'{0x000000071224e930}: 'void java.lang.invoke.DelegatingMethodHandle$Holder.reinvoke_L(java.lang.Object, java.lang.Object, java.lang.Object, java.lang.Object, long, long, float)'> (0x000000071224e930) 
thrown [s\src\hotspot\share\interpreter\linkResolver.cpp, line 805]
Event: 0.584 Thread 0x000002397c2a6660 Exception <a 'java/lang/NoSuchMethodError'{0x000000071226ef80}: 'java.lang.Object java.lang.invoke.DirectMethodHandle$Holder.invokeStatic(java.lang.Object, java.lang.Object, java.lang.Object, java.lang.Object, java.lang.Object, long)'> (0x000000071226ef80) 
thrown [s\src\hotspot\share\interpreter\linkResolver.cpp, line 805]
Event: 0.588 Thread 0x000002397c2a6660 Exception <a 'java/lang/NoSuchMethodError'{0x00000007122b26f8}: 'float java.lang.invoke.DelegatingMethodHandle$Holder.reinvoke_L(java.lang.Object, java.lang.Object, java.lang.Object, java.lang.Object, long, long)'> (0x00000007122b26f8) 
thrown [s\src\hotspot\share\interpreter\linkResolver.cpp, line 805]
Event: 7.445 Thread 0x000002397c2a3a80 Implicit null exception at 0x0000023927d75b2b to 0x0000023927d76248
Event: 16.082 Thread 0x000002397c2a6660 Exception <a 'java/lang/NoSuchMethodError'{0x00000007120e3430}: 'void java.lang.invoke.DirectMethodHandle$Holder.invokeStatic(java.lang.Object, java.lang.Object)'> (0x00000007120e3430) 
thrown [s\src\hotspot\share\interpreter\linkResolver.cpp, line 805]
Event: 18.145 Thread 0x000002397c2a6660 Exception <a 'java/lang/NoSuchMethodError'{0x0000000711ca4d08}: 'java.lang.Object java.lang.invoke.DirectMethodHandle$Holder.invokeInterface(java.lang.Object, java.lang.Object)'> (0x0000000711ca4d08) 
thrown [s\src\hotspot\share\interpreter\linkResolver.cpp, line 805]

VM Operations (16 events):
Event: 0.086 Executing VM operation: HandshakeAllThreads (Deoptimize)
Event: 0.086 Executing VM operation: HandshakeAllThreads (Deoptimize) done
Event: 0.355 Executing VM operation: HandshakeAllThreads (Deoptimize)
Event: 0.355 Executing VM operation: HandshakeAllThreads (Deoptimize) done
Event: 0.401 Executing VM operation: HandshakeAllThreads (Deoptimize)
Event: 0.401 Executing VM operation: HandshakeAllThreads (Deoptimize) done
Event: 0.434 Executing VM operation: HandshakeAllThreads (Deoptimize)
Event: 0.434 Executing VM operation: HandshakeAllThreads (Deoptimize) done
Event: 0.478 Executing VM operation: HandshakeAllThreads (Deoptimize)
Event: 0.478 Executing VM operation: HandshakeAllThreads (Deoptimize) done
Event: 7.411 Executing VM operation: HandshakeAllThreads (Deoptimize)
Event: 7.411 Executing VM operation: HandshakeAllThreads (Deoptimize) done
Event: 7.423 Executing VM operation: HandshakeAllThreads (Deoptimize)
Event: 7.423 Executing VM operation: HandshakeAllThreads (Deoptimize) done
Event: 17.100 Executing VM operation: HandshakeAllThreads (Deoptimize)
Event: 17.100 Executing VM operation: HandshakeAllThreads (Deoptimize) done

Memory protections (0 events):
No events

Nmethod flushes (0 events):
No events

Events (20 events):
Event: 0.037 Thread 0x000002391551c9e0 Thread added: 0x0000023936e1ab80
Event: 0.037 Thread 0x000002391551c9e0 Thread added: 0x0000023936e1c170
Event: 0.038 Thread 0x000002391551c9e0 Thread added: 0x000002397c014dd0
Event: 0.038 Thread 0x000002391551c9e0 Thread added: 0x000002397c03de60
Event: 0.076 Thread 0x000002391551c9e0 Thread added: 0x0000023936e1deb0
Event: 0.100 Thread 0x000002391551c9e0 Thread added: 0x0000023936e1b2d0
Event: 0.105 Thread 0x000002397c03de60 Thread added: 0x000002397c25d200
Event: 0.187 Thread 0x000002391551c9e0 Thread added: 0x0000023936e1ba20
Event: 0.188 Thread 0x000002391551c9e0 Thread added: 0x0000023936e1d010
Event: 0.188 Thread 0x000002391551c9e0 Thread added: 0x000002397c2a41d0
Event: 0.199 Thread 0x000002391551c9e0 Thread added: 0x000002397c2a6660
Event: 0.199 Thread 0x000002391551c9e0 Thread exited: 0x000002391551c9e0
Event: 0.199 Thread 0x000002397c2a6db0 Thread added: 0x000002397c2a6db0
Event: 0.305 Thread 0x000002397c2a6660 Thread added: 0x000002397c2a4920
Event: 0.687 Thread 0x000002397c25d200 Thread exited: 0x000002397c25d200
Event: 5.432 Thread 0x000002397c2a4920 Thread exited: 0x000002397c2a4920
Event: 7.438 Thread 0x000002397c2a6660 Thread added: 0x000002397c2a3a80
Event: 7.532 Thread 0x000002397c2a6660 Thread added: 0x000002397c2a7c50
Event: 12.449 Thread 0x000002397c2a3a80 Thread exited: 0x000002397c2a3a80
Event: 17.083 Thread 0x000002397c2a6660 Thread added: 0x000002397c2a3a80


Dynamic libraries:
0x00007ff7b4680000 - 0x00007ff7b468e000 	C:\Program Files\Apache NetBeans\jdk\bin\java.exe
0x00007ff8d9d40000 - 0x00007ff8d9fa6000 	C:\WINDOWS\SYSTEM32\ntdll.dll
0x00007ff8d8950000 - 0x00007ff8d8a19000 	C:\WINDOWS\System32\KERNEL32.DLL
0x00007ff8d7220000 - 0x00007ff8d75ec000 	C:\WINDOWS\System32\KERNELBASE.dll
0x00007ff8d70d0000 - 0x00007ff8d721b000 	C:\WINDOWS\System32\ucrtbase.dll
0x00007ff8c8be0000 - 0x00007ff8c8bf6000 	C:\Program Files\Apache NetBeans\jdk\bin\jli.dll
0x00007ff8d1980000 - 0x00007ff8d199e000 	C:\Program Files\Apache NetBeans\jdk\bin\VCRUNTIME140.dll
0x00007ff8d8fa0000 - 0x00007ff8d916a000 	C:\WINDOWS\System32\USER32.dll
0x00007ff8b9950000 - 0x00007ff8b9bea000 	C:\WINDOWS\WinSxS\amd64_microsoft.windows.common-controls_6595b64144ccf1df_6.0.26100.3912_none_3e07963ce335137e\COMCTL32.dll
0x00007ff8d6ed0000 - 0x00007ff8d6ef7000 	C:\WINDOWS\System32\win32u.dll
0x00007ff8d91d0000 - 0x00007ff8d9279000 	C:\WINDOWS\System32\msvcrt.dll
0x00007ff8d7b00000 - 0x00007ff8d7b2b000 	C:\WINDOWS\System32\GDI32.dll
0x00007ff8d6f00000 - 0x00007ff8d7032000 	C:\WINDOWS\System32\gdi32full.dll
0x00007ff8d7990000 - 0x00007ff8d7a33000 	C:\WINDOWS\System32\msvcp_win.dll
0x00007ff8d8ab0000 - 0x00007ff8d8ae0000 	C:\WINDOWS\System32\IMM32.DLL
0x00007ff8d38c0000 - 0x00007ff8d38cc000 	C:\Program Files\Apache NetBeans\jdk\bin\vcruntime140_1.dll
0x00007ff8b8a00000 - 0x00007ff8b8a8d000 	C:\Program Files\Apache NetBeans\jdk\bin\msvcp140.dll
0x00007ff839480000 - 0x00007ff83a2fc000 	C:\Program Files\Apache NetBeans\jdk\bin\server\jvm.dll
0x00007ff8d9c40000 - 0x00007ff8d9cf2000 	C:\WINDOWS\System32\ADVAPI32.dll
0x00007ff8d7d60000 - 0x00007ff8d7e06000 	C:\WINDOWS\System32\sechost.dll
0x00007ff8d82a0000 - 0x00007ff8d83b6000 	C:\WINDOWS\System32\RPCRT4.dll
0x00007ff8d8a20000 - 0x00007ff8d8a94000 	C:\WINDOWS\System32\WS2_32.dll
0x00007ff8d6710000 - 0x00007ff8d676e000 	C:\WINDOWS\SYSTEM32\POWRPROF.dll
0x00007ff8ce620000 - 0x00007ff8ce656000 	C:\WINDOWS\SYSTEM32\WINMM.dll
0x00007ff8c6540000 - 0x00007ff8c654b000 	C:\WINDOWS\SYSTEM32\VERSION.dll
0x00007ff8d66f0000 - 0x00007ff8d6704000 	C:\WINDOWS\SYSTEM32\UMPDC.dll
0x00007ff8d5c90000 - 0x00007ff8d5caa000 	C:\WINDOWS\SYSTEM32\kernel.appcore.dll
0x00007ff8d1890000 - 0x00007ff8d189a000 	C:\Program Files\Apache NetBeans\jdk\bin\jimage.dll
0x00007ff8d4720000 - 0x00007ff8d4961000 	C:\WINDOWS\SYSTEM32\DBGHELP.DLL
0x00007ff8d7f10000 - 0x00007ff8d8294000 	C:\WINDOWS\System32\combase.dll
0x00007ff8d7e10000 - 0x00007ff8d7ef0000 	C:\WINDOWS\System32\OLEAUT32.dll
0x00007ff8ab840000 - 0x00007ff8ab879000 	C:\WINDOWS\SYSTEM32\dbgcore.DLL
0x00007ff8d7770000 - 0x00007ff8d7809000 	C:\WINDOWS\System32\bcryptPrimitives.dll
0x00007ff8d1850000 - 0x00007ff8d186e000 	C:\Program Files\Apache NetBeans\jdk\bin\java.dll
0x00007ff8d8b20000 - 0x00007ff8d8cbf000 	C:\WINDOWS\System32\ole32.dll
0x00007ff8d94a0000 - 0x00007ff8d9bcd000 	C:\WINDOWS\System32\SHELL32.dll
0x00007ff8d75f0000 - 0x00007ff8d7764000 	C:\WINDOWS\System32\wintypes.dll
0x00007ff8d4b10000 - 0x00007ff8d5366000 	C:\WINDOWS\SYSTEM32\windows.storage.dll
0x00007ff8d9320000 - 0x00007ff8d940f000 	C:\WINDOWS\System32\SHCORE.dll
0x00007ff8d9bd0000 - 0x00007ff8d9c39000 	C:\WINDOWS\System32\shlwapi.dll
0x00007ff8d6de0000 - 0x00007ff8d6e0f000 	C:\WINDOWS\SYSTEM32\profapi.dll
0x00007ff8abb60000 - 0x00007ff8abc37000 	C:\Program Files\Apache NetBeans\jdk\bin\jsvml.dll
0x00007ff8c8bd0000 - 0x00007ff8c8be0000 	C:\Program Files\Apache NetBeans\jdk\bin\net.dll
0x00007ff8d6200000 - 0x00007ff8d626a000 	C:\WINDOWS\system32\mswsock.dll
0x00007ff8c7d80000 - 0x00007ff8c7d96000 	C:\Program Files\Apache NetBeans\jdk\bin\nio.dll
0x00007ff8c7da0000 - 0x00007ff8c7db7000 	C:\Program Files\Apache NetBeans\jdk\bin\zip.dll
0x00007ff8a7a70000 - 0x00007ff8a7bee000 	C:\Program Files\Apache NetBeans\jdk\bin\awt.dll
0x00007ff8d3970000 - 0x00007ff8d3a0e000 	C:\WINDOWS\SYSTEM32\apphelp.dll
0x00007ff8d3bb0000 - 0x00007ff8d3c5f000 	C:\WINDOWS\system32\uxtheme.dll
0x00007ff8d8d50000 - 0x00007ff8d8eaf000 	C:\WINDOWS\System32\MSCTF.dll
0x00007ff8d3f30000 - 0x00007ff8d3f66000 	C:\WINDOWS\system32\DWMAPI.DLL
0x00007ff8b7960000 - 0x00007ff8b7a6c000 	C:\WINDOWS\system32\opengl32.dll
0x00007ff8c3730000 - 0x00007ff8c375d000 	C:\WINDOWS\SYSTEM32\GLU32.dll
0x00007ff8d3d00000 - 0x00007ff8d3d47000 	C:\WINDOWS\SYSTEM32\dxcore.dll
0x00007ff8a9940000 - 0x00007ff8a996e000 	C:\Program Files\Apache NetBeans\jdk\bin\javajpeg.dll
0x00007ff8a58c0000 - 0x00007ff8a5947000 	C:\Program Files\Apache NetBeans\jdk\bin\freetype.dll
0x00007ff897a00000 - 0x00007ff897ad9000 	C:\Program Files\Apache NetBeans\jdk\bin\fontmanager.dll
0x00007ff8be220000 - 0x00007ff8be36d000 	C:\WINDOWS\SYSTEM32\textinputframework.dll
0x00007ff8aa850000 - 0x00007ff8aa8cd000 	C:\WINDOWS\system32\Oleacc.dll
0x00007ff8d8ec0000 - 0x00007ff8d8f68000 	C:\WINDOWS\System32\clbcatq.dll
0x00007ff8b9e90000 - 0x00007ff8b9eee000 	C:\WINDOWS\system32\ApplicationTargetedFeatureDatabase.dll
0x00007ff8c7980000 - 0x00007ff8c7bbc000 	C:\Windows\System32\twinapi.appcore.dll
0x00007ff8d3580000 - 0x00007ff8d36a6000 	C:\WINDOWS\SYSTEM32\CoreMessaging.dll
0x00007ff8d0760000 - 0x00007ff8d0a43000 	C:\WINDOWS\SYSTEM32\CoreUIComponents.dll
0x00007ff8d64c0000 - 0x00007ff8d64cc000 	C:\WINDOWS\SYSTEM32\CRYPTBASE.DLL
0x00007ff8d2190000 - 0x00007ff8d23ca000 	C:\WINDOWS\SYSTEM32\WindowsCodecs.dll
0x00007ff8b4ae0000 - 0x00007ff8b4b3a000 	C:\WINDOWS\system32\dataexchange.dll

JVMTI agents: none

dbghelp: loaded successfully - version: 4.0.5 - missing functions: none
symbol engine: initialized successfully - sym options: 0x614 - pdb path: .;C:\Program Files\Apache NetBeans\jdk\bin;C:\WINDOWS\SYSTEM32;C:\WINDOWS\WinSxS\amd64_microsoft.windows.common-controls_6595b64144ccf1df_6.0.26100.3912_none_3e07963ce335137e;C:\Program Files\Apache NetBeans\jdk\bin\server

VM Arguments:
jvm_args: -Dfile.encoding=UTF-8 --module-path=C:\Users\Sanaya Bhardwaj\Documents\NetBeansProjects\Employee Management System\build\classes 
java_command: employee.management.system.Splash
java_class_path (initial): C:\Users\Sanaya Bhardwaj\Downloads\mysql-connector-java-8.0.28.jar;C:\Users\Sanaya Bhardwaj\Downloads\jcalendar-tz-1.3.3-4.jar;C:\Users\Sanaya Bhardwaj\Documents\NetBeansProjects\Employee Management System\build\classes
Launcher Type: SUN_STANDARD

[Global flags]
     intx CICompilerCount                          = 4                                         {product} {ergonomic}
     uint ConcGCThreads                            = 2                                         {product} {ergonomic}
     uint G1ConcRefinementThreads                  = 8                                         {product} {ergonomic}
   size_t G1HeapRegionSize                         = 2097152                                   {product} {ergonomic}
   size_t InitialHeapSize                          = 266338304                                 {product} {ergonomic}
   size_t MarkStackSize                            = 4194304                                   {product} {ergonomic}
   size_t MarkStackSizeMax                         = 536870912                                 {product} {ergonomic}
   size_t MaxHeapSize                              = 4234149888                                {product} {ergonomic}
   size_t MaxNewSize                               = 2539651072                                {product} {ergonomic}
   size_t MinHeapDeltaBytes                        = 2097152                                   {product} {ergonomic}
   size_t MinHeapSize                              = 8388608                                   {product} {ergonomic}
    uintx NonNMethodCodeHeapSize                   = 5832704                                {pd product} {ergonomic}
    uintx NonProfiledCodeHeapSize                  = 122945536                              {pd product} {ergonomic}
    uintx ProfiledCodeHeapSize                     = 122880000                              {pd product} {ergonomic}
    uintx ReservedCodeCacheSize                    = 251658240                              {pd product} {ergonomic}
     bool SegmentedCodeCache                       = true                                      {product} {ergonomic}
   size_t SoftMaxHeapSize                          = 4234149888                             {manageable} {ergonomic}
     bool UseCompressedOops                        = true                           {product lp64_product} {ergonomic}
     bool UseG1GC                                  = true                                      {product} {ergonomic}
     bool UseLargePagesIndividualAllocation        = false                                  {pd product} {ergonomic}

Logging:
Log output configuration:
 #0: stdout all=warning uptime,level,tags foldmultilines=false
 #1: stderr all=off uptime,level,tags foldmultilines=false

Environment Variables:
PATH=C:\Program Files\Common Files\Oracle\Java\javapath;C:\WINDOWS\system32;C:\WINDOWS;C:\WINDOWS\System32\Wbem;C:\WINDOWS\System32\WindowsPowerShell\v1.0\;C:\WINDOWS\System32\OpenSSH\;C:\nvm;C:\nvm4w\nodejs;C:\Program Files\Java\jdk-24\bin;C:\Program Files\MySQL\MySQL Shell 8.0\bin\;C:\Users\Sanaya Bhardwaj\AppData\Local\Programs\Python\Python313\Scripts\;C:\Users\Sanaya Bhardwaj\AppData\Local\Programs\Python\Python313\;C:\Users\Sanaya Bhardwaj\AppData\Local\Microsoft\WindowsApps;C:\Users\Sanaya Bhardwaj\AppData\Local\Programs\Microsoft VS Code\bin;C:\Flutter\src\flutter\bin;C:\nvm;C:\nvm4w\nodejs
USERNAME=Sanaya Bhardwaj
OS=Windows_NT
PROCESSOR_IDENTIFIER=Intel64 Family 6 Model 140 Stepping 1, GenuineIntel
TMP=C:\Users\SANAYA~1\AppData\Local\Temp
TEMP=C:\Users\SANAYA~1\AppData\Local\Temp




Periodic native trim disabled

---------------  S Y S T E M  ---------------

OS:
 Windows 11 , 64 bit Build 26100 (10.0.26100.3912)
OS uptime: 9 days 14:55 hours
Hyper-V role detected

CPU: total 8 (initial active 8) (4 cores per cpu, 2 threads per core) family 6 model 140 stepping 1 microcode 0xb4, cx8, cmov, fxsr, ht, mmx, 3dnowpref, sse, sse2, sse3, ssse3, sse4.1, sse4.2, popcnt, lzcnt, tsc, tscinvbit, avx, avx2, aes, erms, clmul, bmi1, bmi2, adx, avx512f, avx512dq, avx512cd, avx512bw, avx512vl, sha, fma, vzeroupper, avx512_vpopcntdq, avx512_vpclmulqdq, avx512_vaes, avx512_vnni, clflush, clflushopt, clwb, avx512_vbmi2, avx512_vbmi, hv, rdtscp, rdpid, fsrm, gfni, avx512_bitalg, f16c, cet_ibt, cet_ss, avx512_ifma
Processor Information for processor 0
  Max Mhz: 2419, Current Mhz: 1007, Mhz Limit: 2419
Processor Information for processor 1
  Max Mhz: 2419, Current Mhz: 1007, Mhz Limit: 2419
Processor Information for processor 2
  Max Mhz: 2419, Current Mhz: 2419, Mhz Limit: 2419
Processor Information for processor 3
  Max Mhz: 2419, Current Mhz: 1007, Mhz Limit: 2419
Processor Information for processor 4
  Max Mhz: 2419, Current Mhz: 1007, Mhz Limit: 2419
Processor Information for processor 5
  Max Mhz: 2419, Current Mhz: 1007, Mhz Limit: 2419
Processor Information for processor 6
  Max Mhz: 2419, Current Mhz: 2419, Mhz Limit: 2419
Processor Information for processor 7
  Max Mhz: 2419, Current Mhz: 2419, Mhz Limit: 2419

Memory: 4k page, system-wide physical 16151M (5581M free)
TotalPageFile size 34791M (AvailPageFile size 312M)
current process WorkingSet (physical memory assigned to process): 118M, peak: 118M
current process commit charge ("private bytes"): 369M, peak: 373M

vm_info: OpenJDK 64-Bit Server VM (24.0.1+9) for windows-amd64 JRE (24.0.1+9) (Zulu24.30+11-CA), built on 2025-03-21T13:52:34Z with MS VC++ 17.1 (VS2022)

END.
