#
# There is insufficient memory for the Java Runtime Environment to continue.
# Native memory allocation (mmap) failed to map 266338304 bytes. Error detail: G1 virtual space
# Possible reasons:
#   The system is out of physical RAM or swap space
#   This process is running with CompressedOops enabled, and the Java Heap may be blocking the growth of the native heap
# Possible solutions:
#   Reduce memory load on the system
#   Increase physical memory or swap space
#   Check if swap backing store is full
#   Decrease Java heap size (-Xmx/-Xms)
#   Decrease number of Java threads
#   Decrease Java thread stack sizes (-Xss)
#   Set larger code cache with -XX:ReservedCodeCacheSize=
#   JVM is running with Zero Based Compressed Oops mode in which the Java heap is
#     placed in the first 32GB address space. The Java Heap base address is the
#     maximum limit for the native heap growth. Please use -XX:HeapBaseMinAddress
#     to set the Java Heap base and to place the Java Heap above 32GB virtual address.
# This output file may be truncated or incomplete.
#
#  Out of Memory Error (os_windows.cpp:3564), pid=11220, tid=24864
#
# JRE version:  (24.0.1+9) (build )
# Java VM: OpenJDK 64-Bit Server VM (24.0.1+9, mixed mode, sharing, tiered, compressed oops, compressed class ptrs, g1 gc, windows-amd64)
# No core dump will be written. Minidumps are not enabled by default on client versions of Windows
#

---------------  S U M M A R Y ------------

Command Line: -Dfile.encoding=UTF-8 --module-path=C:\Users\Sanaya Bhardwaj\Documents\NetBeansProjects\Employee Management System\build\classes employee.management.system.Splash

Host: 11th Gen Intel(R) Core(TM) i5-1135G7 @ 2.40GHz, 8 cores, 15G,  Windows 11 , 64 bit Build 26100 (10.0.26100.3912)
Time: Fri Jun  6 15:34:38 2025 India Standard Time elapsed time: 1.074944 seconds (0d 0h 0m 1s)

---------------  T H R E A D  ---------------

Current thread (0x00000126eeebce30):  JavaThread "Unknown thread" [_thread_in_vm, id=24864, stack(0x00000013c7b00000,0x00000013c7c00000) (1024K)]

Stack: [0x00000013c7b00000,0x00000013c7c00000]
Native frames: (J=compiled Java code, j=interpreted, Vv=VM code, C=native code)
V  [jvm.dll+0x7410c9]  (no source info available)
V  [jvm.dll+0x97def3]  (no source info available)
V  [jvm.dll+0x98021d]  (no source info available)
V  [jvm.dll+0x980893]  (no source info available)
V  [jvm.dll+0x2b5b16]  (no source info available)
V  [jvm.dll+0x73d535]  (no source info available)
V  [jvm.dll+0x730d0a]  (no source info available)
V  [jvm.dll+0x39ea4a]  (no source info available)
V  [jvm.dll+0x3a6746]  (no source info available)
V  [jvm.dll+0x392fce]  (no source info available)
V  [jvm.dll+0x393288]  (no source info available)
V  [jvm.dll+0x369fcc]  (no source info available)
V  [jvm.dll+0x36ac8d]  (no source info available)
V  [jvm.dll+0x94069f]  (no source info available)
V  [jvm.dll+0x4077ad]  (no source info available)
V  [jvm.dll+0x928b1e]  (no source info available)
V  [jvm.dll+0x4a2c4e]  (no source info available)
V  [jvm.dll+0x4a4b81]  (no source info available)
C  [jli.dll+0x52a1]  (no source info available)
C  [ucrtbase.dll+0x37b0]  (no source info available)
C  [KERNEL32.DLL+0x2e8d7]  (no source info available)
C  [ntdll.dll+0x9c5dc]  (no source info available)

Lock stack of current Java thread (top to bottom):


---------------  P R O C E S S  ---------------

Threads class SMR info:
_java_thread_list=0x00007ff83a18bf58, length=0, elements={
}

Java Threads: ( => current thread )
Total: 0

Other Threads:
  0x00000126f121e730 WorkerThread "GC Thread#0"                     [id=28720, stack(0x00000013c7c00000,0x00000013c7d00000) (1024K)]
  0x00000126f12332e0 ConcurrentGCThread "G1 Main Marker"            [id=18944, stack(0x00000013c7d00000,0x00000013c7e00000) (1024K)]
  0x00000126f1233df0 WorkerThread "G1 Conc#0"                       [id=27212, stack(0x00000013c7e00000,0x00000013c7f00000) (1024K)]

[error occurred during error reporting (printing all threads), id 0xc0000005, EXCEPTION_ACCESS_VIOLATION (0xc0000005) at pc=0x00007ff8397fefaa]
VM state: not at safepoint (not fully initialized)

VM Mutex/Monitor currently owned by a thread:  ([mutex/lock_event])
[0x00007ff83a2150c8] Heap_lock - owner thread: 0x00000126eeebce30

Heap address: 0x0000000703a00000, size: 4038 MB, Compressed Oops mode: Zero based, Oop shift amount: 3

CDS archive(s) mapped at: [0x0000000000000000-0x0000000000000000-0x0000000000000000), size 0, SharedBaseAddress: 0x0000000800000000, ArchiveRelocationMode: 1.
UseCompressedClassPointers 1, UseCompactObjectHeaders 0
Narrow klass pointer bits 32, Max shift 3
Narrow klass base: 0xffffffffffffffff, Narrow klass shift: -1
Encoding Range: [0xffffffffffffffff - 0x000000007fffffff), (2147483648 bytes)
Klass Range:    [0x0000000000000000 - 0x0000000000000000), (0 bytes)
Klass ID Range:  [4294967295 - 0) (1)

GC Precious Log:
 CardTable entry size: 512
 Card Set container configuration: InlinePtr #cards 4 size 8 Array Of Cards #cards 16 size 48 Howl #buckets 8 coarsen threshold 3686 Howl Bitmap #cards 512 size 80 coarsen threshold 460 Card regions per heap region 1 cards per card region 4096

Heap:
 garbage-first heap   total reserved 4134912K, committed 0K, used 0K [0x0000000703a00000, 0x0000000800000000)
  region size 2048K, 0 young (0K), 0 survivors (0K)

[error occurred during error reporting (printing heap information), id 0xc0000005, EXCEPTION_ACCESS_VIOLATION (0xc0000005) at pc=0x00007ff839c1f8e9]
GC Heap History (0 events):
No events

Dll operation events (1 events):
Event: 0.010 Loaded shared library C:\Program Files\Apache NetBeans\jdk\bin\java.dll

Deoptimization events (0 events):
No events

Classes loaded (0 events):
No events

Classes unloaded (0 events):
No events

Classes redefined (0 events):
No events

Internal exceptions (0 events):
No events

VM Operations (0 events):
No events

Memory protections (0 events):
No events

Nmethod flushes (0 events):
No events

Events (0 events):
No events


Dynamic libraries:
0x00007ff7b4680000 - 0x00007ff7b468e000 	C:\Program Files\Apache NetBeans\jdk\bin\java.exe
0x00007ff8d9d40000 - 0x00007ff8d9fa6000 	C:\WINDOWS\SYSTEM32\ntdll.dll
0x00007ff8d8950000 - 0x00007ff8d8a19000 	C:\WINDOWS\System32\KERNEL32.DLL
0x00007ff8d7220000 - 0x00007ff8d75ec000 	C:\WINDOWS\System32\KERNELBASE.dll
0x00007ff8d70d0000 - 0x00007ff8d721b000 	C:\WINDOWS\System32\ucrtbase.dll
0x00007ff8d1980000 - 0x00007ff8d199e000 	C:\Program Files\Apache NetBeans\jdk\bin\VCRUNTIME140.dll
0x00007ff8c8be0000 - 0x00007ff8c8bf6000 	C:\Program Files\Apache NetBeans\jdk\bin\jli.dll
0x00007ff8d8fa0000 - 0x00007ff8d916a000 	C:\WINDOWS\System32\USER32.dll
0x00007ff8d6ed0000 - 0x00007ff8d6ef7000 	C:\WINDOWS\System32\win32u.dll
0x00007ff8b9950000 - 0x00007ff8b9bea000 	C:\WINDOWS\WinSxS\amd64_microsoft.windows.common-controls_6595b64144ccf1df_6.0.26100.3912_none_3e07963ce335137e\COMCTL32.dll
0x00007ff8d7b00000 - 0x00007ff8d7b2b000 	C:\WINDOWS\System32\GDI32.dll
0x00007ff8d91d0000 - 0x00007ff8d9279000 	C:\WINDOWS\System32\msvcrt.dll
0x00007ff8d6f00000 - 0x00007ff8d7032000 	C:\WINDOWS\System32\gdi32full.dll
0x00007ff8d7990000 - 0x00007ff8d7a33000 	C:\WINDOWS\System32\msvcp_win.dll
0x00007ff8d8ab0000 - 0x00007ff8d8ae0000 	C:\WINDOWS\System32\IMM32.DLL
0x00007ff8d38c0000 - 0x00007ff8d38cc000 	C:\Program Files\Apache NetBeans\jdk\bin\vcruntime140_1.dll
0x00007ff8b8a00000 - 0x00007ff8b8a8d000 	C:\Program Files\Apache NetBeans\jdk\bin\msvcp140.dll
0x00007ff839480000 - 0x00007ff83a2fc000 	C:\Program Files\Apache NetBeans\jdk\bin\server\jvm.dll
0x00007ff8d9c40000 - 0x00007ff8d9cf2000 	C:\WINDOWS\System32\ADVAPI32.dll
0x00007ff8d7d60000 - 0x00007ff8d7e06000 	C:\WINDOWS\System32\sechost.dll
0x00007ff8d82a0000 - 0x00007ff8d83b6000 	C:\WINDOWS\System32\RPCRT4.dll
0x00007ff8d8a20000 - 0x00007ff8d8a94000 	C:\WINDOWS\System32\WS2_32.dll
0x00007ff8d6710000 - 0x00007ff8d676e000 	C:\WINDOWS\SYSTEM32\POWRPROF.dll
0x00007ff8c6540000 - 0x00007ff8c654b000 	C:\WINDOWS\SYSTEM32\VERSION.dll
0x00007ff8ce620000 - 0x00007ff8ce656000 	C:\WINDOWS\SYSTEM32\WINMM.dll
0x00007ff8d66f0000 - 0x00007ff8d6704000 	C:\WINDOWS\SYSTEM32\UMPDC.dll
0x00007ff8d5c90000 - 0x00007ff8d5caa000 	C:\WINDOWS\SYSTEM32\kernel.appcore.dll
0x00007ff8d1890000 - 0x00007ff8d189a000 	C:\Program Files\Apache NetBeans\jdk\bin\jimage.dll
0x00007ff8d4720000 - 0x00007ff8d4961000 	C:\WINDOWS\SYSTEM32\DBGHELP.DLL
0x00007ff8d7f10000 - 0x00007ff8d8294000 	C:\WINDOWS\System32\combase.dll
0x00007ff8d7e10000 - 0x00007ff8d7ef0000 	C:\WINDOWS\System32\OLEAUT32.dll
0x00007ff8ab840000 - 0x00007ff8ab879000 	C:\WINDOWS\SYSTEM32\dbgcore.DLL
0x00007ff8d7770000 - 0x00007ff8d7809000 	C:\WINDOWS\System32\bcryptPrimitives.dll
0x00007ff8d1850000 - 0x00007ff8d186e000 	C:\Program Files\Apache NetBeans\jdk\bin\java.dll
0x00007ff8d8b20000 - 0x00007ff8d8cbf000 	C:\WINDOWS\System32\ole32.dll
0x00007ff8d94a0000 - 0x00007ff8d9bcd000 	C:\WINDOWS\System32\SHELL32.dll
0x00007ff8d75f0000 - 0x00007ff8d7764000 	C:\WINDOWS\System32\wintypes.dll

JVMTI agents: none

dbghelp: loaded successfully - version: 4.0.5 - missing functions: none
symbol engine: initialized successfully - sym options: 0x614 - pdb path: .;C:\Program Files\Apache NetBeans\jdk\bin;C:\WINDOWS\SYSTEM32;C:\WINDOWS\WinSxS\amd64_microsoft.windows.common-controls_6595b64144ccf1df_6.0.26100.3912_none_3e07963ce335137e;C:\Program Files\Apache NetBeans\jdk\bin\server

VM Arguments:
jvm_args: -Dfile.encoding=UTF-8 --module-path=C:\Users\Sanaya Bhardwaj\Documents\NetBeansProjects\Employee Management System\build\classes 
java_command: employee.management.system.Splash
java_class_path (initial): C:\Users\Sanaya Bhardwaj\Downloads\mysql-connector-java-8.0.28.jar;C:\Users\Sanaya Bhardwaj\Downloads\jcalendar-tz-1.3.3-4.jar;C:\Users\Sanaya Bhardwaj\Documents\NetBeansProjects\Employee Management System\build\classes
Launcher Type: SUN_STANDARD

[Global flags]
     intx CICompilerCount                          = 4                                         {product} {ergonomic}
     uint ConcGCThreads                            = 2                                         {product} {ergonomic}
     uint G1ConcRefinementThreads                  = 8                                         {product} {ergonomic}
   size_t G1HeapRegionSize                         = 2097152                                   {product} {ergonomic}
   size_t InitialHeapSize                          = 266338304                                 {product} {ergonomic}
   size_t MarkStackSize                            = 4194304                                   {product} {ergonomic}
   size_t MarkStackSizeMax                         = 536870912                                 {product} {ergonomic}
   size_t MaxHeapSize                              = 4234149888                                {product} {ergonomic}
   size_t MinHeapDeltaBytes                        = 2097152                                   {product} {ergonomic}
   size_t MinHeapSize                              = 8388608                                   {product} {ergonomic}
    uintx NonNMethodCodeHeapSize                   = 5832704                                {pd product} {ergonomic}
    uintx NonProfiledCodeHeapSize                  = 122945536                              {pd product} {ergonomic}
    uintx ProfiledCodeHeapSize                     = 122880000                              {pd product} {ergonomic}
    uintx ReservedCodeCacheSize                    = 251658240                              {pd product} {ergonomic}
     bool SegmentedCodeCache                       = true                                      {product} {ergonomic}
   size_t SoftMaxHeapSize                          = 4234149888                             {manageable} {ergonomic}
     bool UseCompressedOops                        = true                           {product lp64_product} {ergonomic}
     bool UseG1GC                                  = true                                      {product} {ergonomic}
     bool UseLargePagesIndividualAllocation        = false                                  {pd product} {ergonomic}

Logging:
Log output configuration:
 #0: stdout all=warning uptime,level,tags foldmultilines=false
 #1: stderr all=off uptime,level,tags foldmultilines=false

Environment Variables:
PATH=C:\Program Files\Common Files\Oracle\Java\javapath;C:\WINDOWS\system32;C:\WINDOWS;C:\WINDOWS\System32\Wbem;C:\WINDOWS\System32\WindowsPowerShell\v1.0\;C:\WINDOWS\System32\OpenSSH\;C:\nvm;C:\nvm4w\nodejs;C:\Program Files\Java\jdk-24\bin;C:\Program Files\MySQL\MySQL Shell 8.0\bin\;C:\Users\Sanaya Bhardwaj\AppData\Local\Programs\Python\Python313\Scripts\;C:\Users\Sanaya Bhardwaj\AppData\Local\Programs\Python\Python313\;C:\Users\Sanaya Bhardwaj\AppData\Local\Microsoft\WindowsApps;C:\Users\Sanaya Bhardwaj\AppData\Local\Programs\Microsoft VS Code\bin;C:\Flutter\src\flutter\bin;C:\nvm;C:\nvm4w\nodejs
USERNAME=Sanaya Bhardwaj
OS=Windows_NT
PROCESSOR_IDENTIFIER=Intel64 Family 6 Model 140 Stepping 1, GenuineIntel
TMP=C:\Users\SANAYA~1\AppData\Local\Temp
TEMP=C:\Users\SANAYA~1\AppData\Local\Temp




Periodic native trim disabled

---------------  S Y S T E M  ---------------

OS:
 Windows 11 , 64 bit Build 26100 (10.0.26100.3912)
OS uptime: 9 days 16:38 hours
Hyper-V role detected

CPU: total 8 (initial active 8) (4 cores per cpu, 2 threads per core) family 6 model 140 stepping 1 microcode 0xb4, cx8, cmov, fxsr, ht, mmx, 3dnowpref, sse, sse2, sse3, ssse3, sse4.1, sse4.2, popcnt, lzcnt, tsc, tscinvbit, avx, avx2, aes, erms, clmul, bmi1, bmi2, adx, avx512f, avx512dq, avx512cd, avx512bw, avx512vl, sha, fma, vzeroupper, avx512_vpopcntdq, avx512_vpclmulqdq, avx512_vaes, avx512_vnni, clflush, clflushopt, clwb, avx512_vbmi2, avx512_vbmi, hv, rdtscp, rdpid, fsrm, gfni, avx512_bitalg, f16c, cet_ibt, cet_ss, avx512_ifma
Processor Information for the first 8 processors :
  Max Mhz: 2419, Current Mhz: 2419, Mhz Limit: 2419

Memory: 4k page, system-wide physical 16151M (5937M free)
TotalPageFile size 34791M (AvailPageFile size 210M)
current process WorkingSet (physical memory assigned to process): 13M, peak: 13M
current process commit charge ("private bytes"): 61M, peak: 314M

vm_info: OpenJDK 64-Bit Server VM (24.0.1+9) for windows-amd64 JRE (24.0.1+9) (Zulu24.30+11-CA), built on 2025-03-21T13:52:34Z with MS VC++ 17.1 (VS2022)

END.
